['/store/mc/Phase2HLTTDRSummer20ReRECOMiniAOD/TT_TuneCP5_14TeV-powheg-pythia8/FEVT/PU200_111X_mcRun4_realistic_T15_v1-v2/280000/FBF7F649-BDF7-4147-922E-5A8B67377742.root', '/store/mc/Phase2HLTTDRSummer20ReRECOMiniAOD/TT_TuneCP5_14TeV-powheg-pythia8/FEVT/PU200_111X_mcRun4_realistic_T15_v1-v2/280000/FC1BA259-9788-6549-99ED-79CE138052B4.root', '/store/mc/Phase2HLTTDRSummer20ReRECOMiniAOD/TT_TuneCP5_14TeV-powheg-pythia8/FEVT/PU200_111X_mcRun4_realistic_T15_v1-v2/280000/FC47CF76-E9D0-B140-9C3E-AD994236A741.root', '/store/mc/Phase2HLTTDRSummer20ReRECOMiniAOD/TT_TuneCP5_14TeV-powheg-pythia8/FEVT/PU200_111X_mcRun4_realistic_T15_v1-v2/280000/FC56902D-DB9B-8844-ABB3-6E5F78B53E86.root', '/store/mc/Phase2HLTTDRSummer20ReRECOMiniAOD/TT_TuneCP5_14TeV-powheg-pythia8/FEVT/PU200_111X_mcRun4_realistic_T15_v1-v2/280000/FC589844-A73C-954F-BB0E-FA5FC095B1F4.root', '/store/mc/Phase2HLTTDRSummer20ReRECOMiniAOD/TT_TuneCP5_14TeV-powheg-pythia8/FEVT/PU200_111X_mcRun4_realistic_T15_v1-v2/280000/FCAA527A-329A-364E-83C3-A51122C545FD.root', '/store/mc/Phase2HLTTDRSummer20ReRECOMiniAOD/TT_TuneCP5_14TeV-powheg-pythia8/FEVT/PU200_111X_mcRun4_realistic_T15_v1-v2/280000/FCACFB78-AF68-5A48-9FEC-A323FD8EEE2E.root', '/store/mc/Phase2HLTTDRSummer20ReRECOMiniAOD/TT_TuneCP5_14TeV-powheg-pythia8/FEVT/PU200_111X_mcRun4_realistic_T15_v1-v2/280000/FCCA1ABA-C564-D74E-9F43-D41529C8EAEB.root', '/store/mc/Phase2HLTTDRSummer20ReRECOMiniAOD/TT_TuneCP5_14TeV-powheg-pythia8/FEVT/PU200_111X_mcRun4_realistic_T15_v1-v2/280000/FCDDAE03-8A9D-B44C-B42B-8446EDBB5236.root', '/store/mc/Phase2HLTTDRSummer20ReRECOMiniAOD/TT_TuneCP5_14TeV-powheg-pythia8/FEVT/PU200_111X_mcRun4_realistic_T15_v1-v2/280000/FCFDFCC2-F905-C246-8827-E5FED5204905.root', '/store/mc/Phase2HLTTDRSummer20ReRECOMiniAOD/TT_TuneCP5_14TeV-powheg-pythia8/FEVT/PU200_111X_mcRun4_realistic_T15_v1-v2/280000/FE3E90BC-C4F4-4040-BFB6-868C48E88215.root', '/store/mc/Phase2HLTTDRSummer20ReRECOMiniAOD/TT_TuneCP5_14TeV-powheg-pythia8/FEVT/PU200_111X_mcRun4_realistic_T15_v1-v2/280000/FEA85932-B228-F243-BE4C-3311AE475A4A.root', '/store/mc/Phase2HLTTDRSummer20ReRECOMiniAOD/TT_TuneCP5_14TeV-powheg-pythia8/FEVT/PU200_111X_mcRun4_realistic_T15_v1-v2/280000/FEAF20C5-8D1A-954E-A081-632FBE5745B1.root', '/store/mc/Phase2HLTTDRSummer20ReRECOMiniAOD/TT_TuneCP5_14TeV-powheg-pythia8/FEVT/PU200_111X_mcRun4_realistic_T15_v1-v2/280000/FEC64627-0B7B-B841-9667-10C13141B0E5.root', '/store/mc/Phase2HLTTDRSummer20ReRECOMiniAOD/TT_TuneCP5_14TeV-powheg-pythia8/FEVT/PU200_111X_mcRun4_realistic_T15_v1-v2/280000/FF5230B3-138E-5345-9C29-23945BBC0519.root', '/store/mc/Phase2HLTTDRSummer20ReRECOMiniAOD/TT_TuneCP5_14TeV-powheg-pythia8/FEVT/PU200_111X_mcRun4_realistic_T15_v1-v2/280000/FFAF8045-404D-464C-9BDB-73B0AF032A55.root']
%MSG-i ThreadStreamSetup:  (NoModuleName) 02-Nov-2020 09:29:09 CET pre-events
setting # threads 8
setting # streams 8
%MSG
02-Nov-2020 09:29:16 CET  Initiating request to open file file:///gpu_data/store/mc/Phase2HLTTDRSummer20ReRECOMiniAOD/TT_TuneCP5_14TeV-powheg-pythia8/FEVT/PU200_111X_mcRun4_realistic_T15_v1-v2/280000/FBF7F649-BDF7-4147-922E-5A8B67377742.root
02-Nov-2020 09:29:17 CET  Initiating request to open file root://eoscms.cern.ch//eos/cms/store/mc/Phase2HLTTDRSummer20ReRECOMiniAOD/TT_TuneCP5_14TeV-powheg-pythia8/FEVT/PU200_111X_mcRun4_realistic_T15_v1-v2/280000/FBF7F649-BDF7-4147-922E-5A8B67377742.root
%MSG-w XrdAdaptor:  file_open 02-Nov-2020 09:29:19 CET pre-events
Data is served from cern.ch instead of original site eoscms
%MSG
02-Nov-2020 09:29:22 CET  Successfully opened file root://eoscms.cern.ch//eos/cms/store/mc/Phase2HLTTDRSummer20ReRECOMiniAOD/TT_TuneCP5_14TeV-powheg-pythia8/FEVT/PU200_111X_mcRun4_realistic_T15_v1-v2/280000/FBF7F649-BDF7-4147-922E-5A8B67377742.root
Begin processing the 1st record. Run 1, Event 146255, LumiSection 882 on stream 5 at 02-Nov-2020 09:29:39.834 CET
Begin processing the 2nd record. Run 1, Event 146247, LumiSection 882 on stream 4 at 02-Nov-2020 09:29:40.244 CET
Begin processing the 3rd record. Run 1, Event 146252, LumiSection 882 on stream 6 at 02-Nov-2020 09:29:40.250 CET
Begin processing the 4th record. Run 1, Event 146250, LumiSection 882 on stream 7 at 02-Nov-2020 09:29:40.256 CET
Begin processing the 5th record. Run 1, Event 146253, LumiSection 882 on stream 1 at 02-Nov-2020 09:29:40.260 CET
Begin processing the 6th record. Run 1, Event 146254, LumiSection 882 on stream 3 at 02-Nov-2020 09:29:40.262 CET
Begin processing the 7th record. Run 1, Event 146251, LumiSection 882 on stream 0 at 02-Nov-2020 09:29:40.265 CET
Begin processing the 8th record. Run 1, Event 146248, LumiSection 882 on stream 2 at 02-Nov-2020 09:29:40.268 CET
PixelVertexCoordinates
PixelVertexCoordinates
PixelVertexCoordinates
PixelVertexCoordinates
PixelVertexCoordinates
PixelVertexCoordinates
PixelVertexCoordinates
PixelVertexCoordinates
Begin processing the 9th record. Run 1, Event 146257, LumiSection 882 on stream 5 at 02-Nov-2020 09:30:14.794 CET
Begin processing the 10th record. Run 1, Event 146249, LumiSection 882 on stream 1 at 02-Nov-2020 09:30:16.562 CET
PixelVertexCoordinates
PixelVertexCoordinates
Begin processing the 11th record. Run 1, Event 146261, LumiSection 882 on stream 7 at 02-Nov-2020 09:30:20.901 CET
PixelVertexCoordinates
Begin processing the 12th record. Run 1, Event 146260, LumiSection 882 on stream 6 at 02-Nov-2020 09:30:23.952 CET
Begin processing the 13th record. Run 1, Event 146256, LumiSection 882 on stream 3 at 02-Nov-2020 09:30:25.546 CET
Begin processing the 14th record. Run 1, Event 146259, LumiSection 882 on stream 4 at 02-Nov-2020 09:30:25.546 CET
Begin processing the 15th record. Run 1, Event 146258, LumiSection 882 on stream 2 at 02-Nov-2020 09:30:25.546 CET
PixelVertexCoordinates
Begin processing the 16th record. Run 1, Event 146265, LumiSection 882 on stream 0 at 02-Nov-2020 09:30:27.086 CET
Begin processing the 17th record. Run 1, Event 146263, LumiSection 882 on stream 1 at 02-Nov-2020 09:30:27.086 CET
Begin processing the 18th record. Run 1, Event 146264, LumiSection 882 on stream 5 at 02-Nov-2020 09:30:27.086 CET
PixelVertexCoordinates
PixelVertexCoordinates
PixelVertexCoordinates
Begin processing the 19th record. Run 1, Event 146269, LumiSection 882 on stream 7 at 02-Nov-2020 09:30:36.114 CET
Begin processing the 20th record. Run 1, Event 146267, LumiSection 882 on stream 6 at 02-Nov-2020 09:30:36.114 CET
Begin processing the 21st record. Run 1, Event 146262, LumiSection 882 on stream 2 at 02-Nov-2020 09:30:36.114 CET
PixelVertexCoordinates
PixelVertexCoordinates
Begin processing the 22nd record. Run 1, Event 146270, LumiSection 882 on stream 3 at 02-Nov-2020 09:30:38.415 CET
PixelVertexCoordinates
PixelVertexCoordinates
PixelVertexCoordinates
Begin processing the 23rd record. Run 1, Event 146271, LumiSection 882 on stream 5 at 02-Nov-2020 09:30:42.438 CET
PixelVertexCoordinates
Begin processing the 24th record. Run 1, Event 146266, LumiSection 882 on stream 1 at 02-Nov-2020 09:30:44.298 CET
PixelVertexCoordinates
PixelVertexCoordinates
Begin processing the 25th record. Run 1, Event 146272, LumiSection 882 on stream 4 at 02-Nov-2020 09:30:49.385 CET
Begin processing the 26th record. Run 1, Event 146279, LumiSection 882 on stream 0 at 02-Nov-2020 09:30:49.386 CET
Begin processing the 27th record. Run 1, Event 146273, LumiSection 882 on stream 2 at 02-Nov-2020 09:30:49.386 CET
Begin processing the 28th record. Run 1, Event 146276, LumiSection 882 on stream 3 at 02-Nov-2020 09:30:49.386 CET
PixelVertexCoordinates
PixelVertexCoordinates
Begin processing the 29th record. Run 1, Event 146281, LumiSection 882 on stream 7 at 02-Nov-2020 09:30:52.054 CET
PixelVertexCoordinates
Begin processing the 30th record. Run 1, Event 146275, LumiSection 882 on stream 6 at 02-Nov-2020 09:30:53.725 CET
PixelVertexCoordinates
PixelVertexCoordinates
Begin processing the 31st record. Run 1, Event 146277, LumiSection 882 on stream 1 at 02-Nov-2020 09:30:57.431 CET
Begin processing the 32nd record. Run 1, Event 146283, LumiSection 882 on stream 5 at 02-Nov-2020 09:30:57.431 CET
PixelVertexCoordinates
Begin processing the 33rd record. Run 1, Event 146278, LumiSection 882 on stream 3 at 02-Nov-2020 09:31:01.186 CET
Begin processing the 34th record. Run 1, Event 146268, LumiSection 882 on stream 4 at 02-Nov-2020 09:31:01.186 CET
PixelVertexCoordinates
Begin processing the 35th record. Run 1, Event 146282, LumiSection 882 on stream 2 at 02-Nov-2020 09:31:04.856 CET
Begin processing the 36th record. Run 1, Event 146274, LumiSection 882 on stream 0 at 02-Nov-2020 09:31:04.857 CET
PixelVertexCoordinates
PixelVertexCoordinates
PixelVertexCoordinates
PixelVertexCoordinates
PixelVertexCoordinates
Begin processing the 37th record. Run 1, Event 146284, LumiSection 882 on stream 7 at 02-Nov-2020 09:31:12.782 CET
Begin processing the 38th record. Run 1, Event 146280, LumiSection 882 on stream 6 at 02-Nov-2020 09:31:12.783 CET
Begin processing the 39th record. Run 1, Event 146286, LumiSection 882 on stream 5 at 02-Nov-2020 09:31:12.783 CET
Begin processing the 40th record. Run 1, Event 146287, LumiSection 882 on stream 3 at 02-Nov-2020 09:31:12.783 CET
Begin processing the 41st record. Run 1, Event 146288, LumiSection 882 on stream 1 at 02-Nov-2020 09:31:12.783 CET
PixelVertexCoordinates
Begin processing the 42nd record. Run 1, Event 146289, LumiSection 882 on stream 0 at 02-Nov-2020 09:31:14.627 CET
PixelVertexCoordinates
PixelVertexCoordinates
PixelVertexCoordinates
PixelVertexCoordinates
PixelVertexCoordinates
Begin processing the 43rd record. Run 1, Event 146285, LumiSection 882 on stream 2 at 02-Nov-2020 09:31:24.297 CET
Begin processing the 44th record. Run 1, Event 146294, LumiSection 882 on stream 1 at 02-Nov-2020 09:31:24.300 CET
Begin processing the 45th record. Run 1, Event 146295, LumiSection 882 on stream 4 at 02-Nov-2020 09:31:24.300 CET
PixelVertexCoordinates
Begin processing the 46th record. Run 1, Event 146291, LumiSection 882 on stream 0 at 02-Nov-2020 09:31:26.252 CET
PixelVertexCoordinates
Begin processing the 47th record. Run 1, Event 146296, LumiSection 882 on stream 5 at 02-Nov-2020 09:31:30.039 CET
Begin processing the 48th record. Run 1, Event 146293, LumiSection 882 on stream 7 at 02-Nov-2020 09:31:30.039 CET
Begin processing the 49th record. Run 1, Event 146290, LumiSection 882 on stream 3 at 02-Nov-2020 09:31:30.039 CET
PixelVertexCoordinates
PixelVertexCoordinates
Begin processing the 50th record. Run 1, Event 146300, LumiSection 882 on stream 6 at 02-Nov-2020 09:31:32.341 CET
PixelVertexCoordinates
Begin processing the 51st record. Run 1, Event 146301, LumiSection 882 on stream 4 at 02-Nov-2020 09:31:37.999 CET
Begin processing the 52nd record. Run 1, Event 146292, LumiSection 882 on stream 2 at 02-Nov-2020 09:31:37.999 CET
Begin processing the 53rd record. Run 1, Event 146299, LumiSection 882 on stream 1 at 02-Nov-2020 09:31:37.999 CET
PixelVertexCoordinates
PixelVertexCoordinates
Begin processing the 54th record. Run 1, Event 146302, LumiSection 882 on stream 3 at 02-Nov-2020 09:31:39.982 CET
PixelVertexCoordinates
PixelVertexCoordinates
PixelVertexCoordinates
PixelVertexCoordinates
Begin processing the 55th record. Run 1, Event 146303, LumiSection 882 on stream 5 at 02-Nov-2020 09:31:47.262 CET
Begin processing the 56th record. Run 1, Event 146298, LumiSection 882 on stream 0 at 02-Nov-2020 09:31:47.262 CET
Begin processing the 57th record. Run 1, Event 146308, LumiSection 882 on stream 7 at 02-Nov-2020 09:31:47.262 CET
PixelVertexCoordinates
PixelVertexCoordinates
Begin processing the 58th record. Run 1, Event 146297, LumiSection 882 on stream 3 at 02-Nov-2020 09:31:50.488 CET
Begin processing the 59th record. Run 1, Event 146304, LumiSection 882 on stream 6 at 02-Nov-2020 09:31:50.488 CET
PixelVertexCoordinates
PixelVertexCoordinates
Begin processing the 60th record. Run 1, Event 146305, LumiSection 882 on stream 4 at 02-Nov-2020 09:31:53.877 CET
PixelVertexCoordinates
Begin processing the 61st record. Run 1, Event 146307, LumiSection 882 on stream 1 at 02-Nov-2020 09:31:57.510 CET
Begin processing the 62nd record. Run 1, Event 146309, LumiSection 882 on stream 2 at 02-Nov-2020 09:31:57.510 CET
Begin processing the 63rd record. Run 1, Event 146310, LumiSection 882 on stream 7 at 02-Nov-2020 09:31:57.510 CET
PixelVertexCoordinates
Begin processing the 64th record. Run 1, Event 146311, LumiSection 882 on stream 5 at 02-Nov-2020 09:31:59.432 CET
PixelVertexCoordinates
PixelVertexCoordinates
Begin processing the 65th record. Run 1, Event 146306, LumiSection 882 on stream 0 at 02-Nov-2020 09:32:05.014 CET
Begin processing the 66th record. Run 1, Event 146313, LumiSection 882 on stream 3 at 02-Nov-2020 09:32:05.014 CET
PixelVertexCoordinates
PixelVertexCoordinates
PixelVertexCoordinates
Begin processing the 67th record. Run 1, Event 146312, LumiSection 882 on stream 6 at 02-Nov-2020 09:32:10.698 CET
PixelVertexCoordinates
PixelVertexCoordinates
Begin processing the 68th record. Run 1, Event 146316, LumiSection 882 on stream 7 at 02-Nov-2020 09:32:12.656 CET
Begin processing the 69th record. Run 1, Event 146318, LumiSection 882 on stream 1 at 02-Nov-2020 09:32:12.656 CET
PixelVertexCoordinates
Begin processing the 70th record. Run 1, Event 146314, LumiSection 882 on stream 4 at 02-Nov-2020 09:32:14.759 CET
Begin processing the 71st record. Run 1, Event 146321, LumiSection 882 on stream 5 at 02-Nov-2020 09:32:14.760 CET
PixelVertexCoordinates
Begin processing the 72nd record. Run 1, Event 146323, LumiSection 882 on stream 3 at 02-Nov-2020 09:32:16.660 CET
PixelVertexCoordinates
PixelVertexCoordinates
Begin processing the 73rd record. Run 1, Event 146324, LumiSection 882 on stream 2 at 02-Nov-2020 09:32:20.570 CET
PixelVertexCoordinates
Begin processing the 74th record. Run 1, Event 146315, LumiSection 882 on stream 0 at 02-Nov-2020 09:32:22.253 CET
Begin processing the 75th record. Run 1, Event 146320, LumiSection 882 on stream 6 at 02-Nov-2020 09:32:22.253 CET
PixelVertexCoordinates
PixelVertexCoordinates
Begin processing the 76th record. Run 1, Event 146319, LumiSection 882 on stream 1 at 02-Nov-2020 09:32:26.037 CET
Begin processing the 77th record. Run 1, Event 146328, LumiSection 882 on stream 5 at 02-Nov-2020 09:32:26.037 CET
PixelVertexCoordinates
PixelVertexCoordinates
Begin processing the 78th record. Run 1, Event 146317, LumiSection 882 on stream 3 at 02-Nov-2020 09:32:28.127 CET
PixelVertexCoordinates
Begin processing the 79th record. Run 1, Event 146329, LumiSection 882 on stream 7 at 02-Nov-2020 09:32:31.904 CET
Begin processing the 80th record. Run 1, Event 146326, LumiSection 882 on stream 6 at 02-Nov-2020 09:32:31.904 CET
PixelVertexCoordinates
PixelVertexCoordinates
PixelVertexCoordinates
Begin processing the 81st record. Run 1, Event 146325, LumiSection 882 on stream 4 at 02-Nov-2020 09:32:37.906 CET
Begin processing the 82nd record. Run 1, Event 146331, LumiSection 882 on stream 2 at 02-Nov-2020 09:32:37.907 CET
Begin processing the 83rd record. Run 1, Event 146327, LumiSection 882 on stream 5 at 02-Nov-2020 09:32:37.907 CET
Begin processing the 84th record. Run 1, Event 146330, LumiSection 882 on stream 0 at 02-Nov-2020 09:32:37.907 CET
PixelVertexCoordinates
PixelVertexCoordinates
PixelVertexCoordinates
PixelVertexCoordinates
PixelVertexCoordinates
Begin processing the 85th record. Run 1, Event 146334, LumiSection 882 on stream 1 at 02-Nov-2020 09:32:48.359 CET
Begin processing the 86th record. Run 1, Event 146333, LumiSection 882 on stream 3 at 02-Nov-2020 09:32:48.359 CET
Begin processing the 87th record. Run 1, Event 146332, LumiSection 882 on stream 6 at 02-Nov-2020 09:32:48.359 CET
PixelVertexCoordinates
Begin processing the 88th record. Run 1, Event 146339, LumiSection 882 on stream 7 at 02-Nov-2020 09:32:52.324 CET
Begin processing the 89th record. Run 1, Event 146322, LumiSection 882 on stream 4 at 02-Nov-2020 09:32:52.397 CET
PixelVertexCoordinates
PixelVertexCoordinates
PixelVertexCoordinates
Begin processing the 90th record. Run 1, Event 146336, LumiSection 882 on stream 2 at 02-Nov-2020 09:32:56.443 CET
Begin processing the 91st record. Run 1, Event 146342, LumiSection 882 on stream 5 at 02-Nov-2020 09:32:56.443 CET
PixelVertexCoordinates
PixelVertexCoordinates
Begin processing the 92nd record. Run 1, Event 146340, LumiSection 882 on stream 0 at 02-Nov-2020 09:33:00.391 CET
PixelVertexCoordinates
PixelVertexCoordinates
Begin processing the 93rd record. Run 1, Event 146341, LumiSection 882 on stream 6 at 02-Nov-2020 09:33:04.287 CET
Begin processing the 94th record. Run 1, Event 146338, LumiSection 882 on stream 3 at 02-Nov-2020 09:33:04.287 CET
Begin processing the 95th record. Run 1, Event 146335, LumiSection 882 on stream 1 at 02-Nov-2020 09:33:04.311 CET
PixelVertexCoordinates
Begin processing the 96th record. Run 1, Event 146337, LumiSection 882 on stream 4 at 02-Nov-2020 09:33:06.262 CET
PixelVertexCoordinates
Begin processing the 97th record. Run 1, Event 146350, LumiSection 882 on stream 7 at 02-Nov-2020 09:33:13.652 CET
Begin processing the 98th record. Run 1, Event 146344, LumiSection 882 on stream 5 at 02-Nov-2020 09:33:13.652 CET
Begin processing the 99th record. Run 1, Event 146347, LumiSection 882 on stream 2 at 02-Nov-2020 09:33:13.653 CET
Begin processing the 100th record. Run 1, Event 146349, LumiSection 882 on stream 0 at 02-Nov-2020 09:33:13.653 CET
PixelVertexCoordinates
PixelVertexCoordinates
PixelVertexCoordinates
Begin processing the 101st record. Run 1, Event 146351, LumiSection 882 on stream 6 at 02-Nov-2020 09:33:15.696 CET
PixelVertexCoordinates
Begin processing the 102nd record. Run 1, Event 146348, LumiSection 882 on stream 1 at 02-Nov-2020 09:33:21.257 CET
PixelVertexCoordinates
PixelVertexCoordinates
Begin processing the 103rd record. Run 1, Event 146343, LumiSection 882 on stream 0 at 02-Nov-2020 09:33:25.188 CET
Begin processing the 104th record. Run 1, Event 146345, LumiSection 882 on stream 3 at 02-Nov-2020 09:33:25.188 CET
Begin processing the 105th record. Run 1, Event 146346, LumiSection 882 on stream 4 at 02-Nov-2020 09:33:25.188 CET
PixelVertexCoordinates
Begin processing the 106th record. Run 1, Event 146358, LumiSection 882 on stream 7 at 02-Nov-2020 09:33:27.300 CET
PixelVertexCoordinates
PixelVertexCoordinates
PixelVertexCoordinates
PixelVertexCoordinates
PixelVertexCoordinates
PixelVertexCoordinates
Begin processing the 107th record. Run 1, Event 146356, LumiSection 882 on stream 1 at 02-Nov-2020 09:33:36.278 CET
Begin processing the 108th record. Run 1, Event 146352, LumiSection 882 on stream 5 at 02-Nov-2020 09:33:36.292 CET
PixelVertexCoordinates
Begin processing the 109th record. Run 1, Event 146354, LumiSection 882 on stream 2 at 02-Nov-2020 09:33:40.194 CET
Begin processing the 110th record. Run 1, Event 146359, LumiSection 882 on stream 6 at 02-Nov-2020 09:33:40.214 CET
Begin processing the 111th record. Run 1, Event 146355, LumiSection 882 on stream 7 at 02-Nov-2020 09:33:40.214 CET
PixelVertexCoordinates
Begin processing the 112th record. Run 1, Event 146353, LumiSection 882 on stream 3 at 02-Nov-2020 09:33:42.378 CET
Begin processing the 113th record. Run 1, Event 146357, LumiSection 882 on stream 4 at 02-Nov-2020 09:33:42.378 CET
Begin processing the 114th record. Run 1, Event 146362, LumiSection 882 on stream 0 at 02-Nov-2020 09:33:42.378 CET
PixelVertexCoordinates
PixelVertexCoordinates
PixelVertexCoordinates
PixelVertexCoordinates
Begin processing the 115th record. Run 1, Event 146364, LumiSection 882 on stream 1 at 02-Nov-2020 09:33:49.791 CET
PixelVertexCoordinates
PixelVertexCoordinates
Begin processing the 116th record. Run 1, Event 146365, LumiSection 882 on stream 5 at 02-Nov-2020 09:33:54.145 CET
Begin processing the 117th record. Run 1, Event 146360, LumiSection 882 on stream 7 at 02-Nov-2020 09:33:54.145 CET
Begin processing the 118th record. Run 1, Event 146363, LumiSection 882 on stream 0 at 02-Nov-2020 09:33:54.145 CET
PixelVertexCoordinates
Begin processing the 119th record. Run 1, Event 146367, LumiSection 882 on stream 2 at 02-Nov-2020 09:33:56.674 CET
Begin processing the 120th record. Run 1, Event 146366, LumiSection 882 on stream 6 at 02-Nov-2020 09:33:56.674 CET
PixelVertexCoordinates
PixelVertexCoordinates
Begin processing the 121st record. Run 1, Event 146370, LumiSection 882 on stream 3 at 02-Nov-2020 09:34:02.178 CET
PixelVertexCoordinates
Begin processing the 122nd record. Run 1, Event 146371, LumiSection 882 on stream 4 at 02-Nov-2020 09:34:06.085 CET
Begin processing the 123rd record. Run 1, Event 146372, LumiSection 882 on stream 0 at 02-Nov-2020 09:34:06.085 CET
Begin processing the 124th record. Run 1, Event 146368, LumiSection 882 on stream 1 at 02-Nov-2020 09:34:06.085 CET
PixelVertexCoordinates
PixelVertexCoordinates
Begin processing the 125th record. Run 1, Event 146369, LumiSection 882 on stream 7 at 02-Nov-2020 09:34:07.942 CET
PixelVertexCoordinates
Begin processing the 126th record. Run 1, Event 146374, LumiSection 882 on stream 5 at 02-Nov-2020 09:34:11.507 CET
PixelVertexCoordinates
PixelVertexCoordinates
Begin processing the 127th record. Run 1, Event 146361, LumiSection 882 on stream 2 at 02-Nov-2020 09:34:15.073 CET
Begin processing the 128th record. Run 1, Event 146373, LumiSection 882 on stream 6 at 02-Nov-2020 09:34:15.073 CET
PixelVertexCoordinates
PixelVertexCoordinates
PixelVertexCoordinates
PixelVertexCoordinates
PixelVertexCoordinates
FastReport       CPU time      Real time      Allocated    Deallocated  Transition
FastReport        53.7 ms       239.0 ms          +0 kB          +0 kB  run 1, lumisection 882

FastReport       CPU time      Real time      Allocated    Deallocated  Transition
FastReport      4418.2 ms     31202.3 ms    +1421879 kB    -1086478 kB  Run 1

02-Nov-2020 09:34:28 CET  Closed file root://eoscms.cern.ch//eos/cms/store/mc/Phase2HLTTDRSummer20ReRECOMiniAOD/TT_TuneCP5_14TeV-powheg-pythia8/FEVT/PU200_111X_mcRun4_realistic_T15_v1-v2/280000/FBF7F649-BDF7-4147-922E-5A8B67377742.root

TrigReport ---------- Event  Summary ------------
TrigReport Events total = 128 passed = 128 failed = 0

TrigReport ---------- Path   Summary ------------
TrigReport  Trig Bit#   Executed     Passed     Failed      Error Name
TrigReport     1    1        128        128          0          0 original_v6
TrigReport     1    3        128        128          0          0 validation_original
TrigReport     1    4        128        128          0          0 vertexing

TrigReport -------End-Path   Summary ------------
TrigReport  Trig Bit#   Executed     Passed     Failed      Error Name
TrigReport     0    1        128        128          0          0 DQMoutput_step

TrigReport ---------- Modules in Path: original_v6 ------------
TrigReport  Trig Bit#    Visited     Passed     Failed      Error Name
TrigReport     1    0        128        128          0          0 offlineBeamSpot
TrigReport     1    1        128        128          0          0 siPhase2Clusters
TrigReport     1    2        128        128          0          0 siPixelClusters
TrigReport     1    3        128        128          0          0 siPixelClusterShapeCache
TrigReport     1    4        128        128          0          0 siPixelRecHits
TrigReport     1    5        128        128          0          0 MeasurementTrackerEvent
TrigReport     1    6        128        128          0          0 trackerClusterCheck
TrigReport     1    7        128        128          0          0 vertexFromL1
TrigReport     1    8        128        128          0          0 pixelVertexCoordinates
TrigReport     1    9        128        128          0          0 hltPhase2PixelTrackSoA
TrigReport     1   10        128        128          0          0 hltPhase2PixelTracks
TrigReport     1   11        128        128          0          0 hltPhase2PixelVertices
TrigReport     1   12        128        128          0          0 hltPhase2TrimmedPixelVertices
TrigReport     1   13        128        128          0          0 hltPhase2PixelTracksCleaner
TrigReport     1   14        128        128          0          0 hltPhase2PixelTripletsCleaner
TrigReport     1   15        128        128          0          0 hltPhase2PixelTripletsSelector
TrigReport     1   16        128        128          0          0 hltPhase2PixelQuadrupletsSelector
TrigReport     1   17        128        128          0          0 hltPhase2PixelTracksMerger
TrigReport     1   18        128        128          0          0 hltPhase2InitialStepSeeds
TrigReport     1   19        128        128          0          0 hltPhase2InitialStepTrackCandidates
TrigReport     1   20        128        128          0          0 hltPhase2InitialStepTracks
TrigReport     1   21        128        128          0          0 hltPhase2InitialStepTrackCutClassifier
TrigReport     1   22        128        128          0          0 hltPhase2InitialStepTracksSelectionHighPurity
TrigReport     1   23        128        128          0          0 hltPhase2HighPtTripletStepClusters
TrigReport     1   24        128        128          0          0 hltPhase2HighPtTripletStepSeedLayers
TrigReport     1   25        128        128          0          0 hltPhase2HighPtTripletStepTrackingRegions
TrigReport     1   26        128        128          0          0 hltPhase2HighPtTripletStepHitDoublets
TrigReport     1   27        128        128          0          0 hltPhase2HighPtTripletStepHitTriplets
TrigReport     1   28        128        128          0          0 hltPhase2HighPtTripletStepSeeds
TrigReport     1   29        128        128          0          0 hltPhase2HighPtTripletStepTrackCandidates
TrigReport     1   30        128        128          0          0 hltPhase2HighPtTripletStepTracks
TrigReport     1   31        128        128          0          0 hltPhase2HighPtTripletStepTrackCutClassifier
TrigReport     1   32        128        128          0          0 hltPhase2HighPtTripletStepTracksSelectionHighPurity
TrigReport     1   33        128        128          0          0 hltPhase2GeneralTracks

TrigReport ---------- Modules in Path: validation_original ------------
TrigReport  Trig Bit#    Visited     Passed     Failed      Error Name
TrigReport     1    0        128        128          0          0 hltPhase2TrackValidatorPixelTrackingOnly
TrigReport     1    1        128        128          0          0 hltPhase2TrackValidatorTrackingOnly
TrigReport     1    2        128        128          0          0 hltPhase2TrackValidatorFromPVStandalone
TrigReport     1    3        128        128          0          0 hltPhase2TrackValidatorBHadronTrackingOnly

TrigReport ---------- Modules in Path: vertexing ------------
TrigReport  Trig Bit#    Visited     Passed     Failed      Error Name
TrigReport     1    0        128        128          0          0 bunchSpacingProducer
TrigReport     1    1        128        128          0          0 ecalMultiFitUncalibRecHit
TrigReport     1    2        128        128          0          0 ecalDetIdToBeRecovered
TrigReport     1    3        128        128          0          0 ecalRecHit
TrigReport     1    4        128        128          0          0 hbhereco
TrigReport     1    5        128        128          0          0 hfprereco
TrigReport     1    6        128        128          0          0 hfreco
TrigReport     1    7        128        128          0          0 horeco
TrigReport     1    8        128        128          0          0 hltPhase2UnsortedOfflinePrimaryVertices
TrigReport     1    9        128        128          0          0 hltPhase2TrackWithVertexRefSelectorBeforeSorting
TrigReport     1   10        128        128          0          0 hltPhase2TrackRefsForJetsBeforeSorting
TrigReport     1   11        128        128          0          0 caloTowerForTrk
TrigReport     1   12        128        128          0          0 hltPhase2Ak4CaloJetsForTrk
TrigReport     1   13        128        128          0          0 hltPhase2OfflinePrimaryVertices
TrigReport     1   14        128        128          0          0 hltPhase2OfflinePrimaryVerticesWithBS
TrigReport     1   15        128        128          0          0 hltPhase2InclusiveVertexFinder
TrigReport     1   16        128        128          0          0 hltPhase2VertexMerger
TrigReport     1   17        128        128          0          0 hltPhase2TrackVertexArbitrator
TrigReport     1   18        128        128          0          0 hltPhase2InclusiveSecondaryVertices

TrigReport ------ Modules in End-Path: DQMoutput_step ------------
TrigReport  Trig Bit#    Visited     Passed     Failed      Error Name
TrigReport     0    0        128        128          0          0 DQMoutput

TrigReport ---------- Module Summary ------------
TrigReport    Visited   Executed     Passed     Failed      Error Name
TrigReport        128        128        128          0          0 DQMoutput
TrigReport        128        128        128          0          0 DQMoutput_step
TrigReport        128        128        128          0          0 MeasurementTrackerEvent
TrigReport        128        128        128          0          0 TrackSplitMonitor
TrigReport        128        128        128          0          0 TriggerResults
TrigReport        128        128        128          0          0 bunchSpacingProducer
TrigReport        128        128        128          0          0 caloTowerForTrk
TrigReport        128        128        128          0          0 dqmInfoTracking
TrigReport        128        128        128          0          0 dqm_original
TrigReport        128        128        128          0          0 ecalDetIdToBeRecovered
TrigReport       1664        128        128          0          0 ecalDigis
TrigReport        128        128        128          0          0 ecalMultiFitUncalibRecHit
TrigReport        128        128        128          0          0 ecalRecHit
TrigReport        128        128        128          0          0 hbhereco
TrigReport        768        128        128          0          0 hcalDigis
TrigReport        128        128        128          0          0 hfprereco
TrigReport        128        128        128          0          0 hfreco
TrigReport        128        128        128          0          0 hltPhase2Ak4CaloJetsForTrk
TrigReport        128        128        128          0          0 hltPhase2CutsRecoTracksBtvLike
TrigReport          0          0          0          0          0 hltPhase2CutsRecoTracksFromPVHighPtTripletStep
TrigReport          0          0          0          0          0 hltPhase2CutsRecoTracksFromPVHighPtTripletStepHp
TrigReport          0          0          0          0          0 hltPhase2CutsRecoTracksFromPVHp
TrigReport          0          0          0          0          0 hltPhase2CutsRecoTracksFromPVInitialStep
TrigReport          0          0          0          0          0 hltPhase2CutsRecoTracksFromPVInitialStepHp
TrigReport          0          0          0          0          0 hltPhase2CutsRecoTracksFromPVPt09HighPtTripletStep
TrigReport          0          0          0          0          0 hltPhase2CutsRecoTracksFromPVPt09HighPtTripletStepHp
TrigReport          0          0          0          0          0 hltPhase2CutsRecoTracksFromPVPt09Hp
TrigReport          0          0          0          0          0 hltPhase2CutsRecoTracksFromPVPt09InitialStep
TrigReport          0          0          0          0          0 hltPhase2CutsRecoTracksFromPVPt09InitialStepHp
TrigReport        128        128        128          0          0 hltPhase2CutsRecoTracksHighPtTripletStep
TrigReport        128        128        128          0          0 hltPhase2CutsRecoTracksHighPtTripletStepByAlgoMask
TrigReport        128        128        128          0          0 hltPhase2CutsRecoTracksHighPtTripletStepByAlgoMaskHp
TrigReport        128        128        128          0          0 hltPhase2CutsRecoTracksHighPtTripletStepByOriginalAlgo
TrigReport        128        128        128          0          0 hltPhase2CutsRecoTracksHighPtTripletStepByOriginalAlgoHp
TrigReport        128        128        128          0          0 hltPhase2CutsRecoTracksHighPtTripletStepHp
TrigReport          0          0          0          0          0 hltPhase2CutsRecoTracksHp
TrigReport        128        128        128          0          0 hltPhase2CutsRecoTracksInitialStep
TrigReport        128        128        128          0          0 hltPhase2CutsRecoTracksInitialStepByAlgoMask
TrigReport        128        128        128          0          0 hltPhase2CutsRecoTracksInitialStepByAlgoMaskHp
TrigReport        128        128        128          0          0 hltPhase2CutsRecoTracksInitialStepByOriginalAlgo
TrigReport        128        128        128          0          0 hltPhase2CutsRecoTracksInitialStepByOriginalAlgoHp
TrigReport        128        128        128          0          0 hltPhase2CutsRecoTracksInitialStepHp
TrigReport        128        128        128          0          0 hltPhase2CutsRecoTracksPt09HighPtTripletStep
TrigReport        128        128        128          0          0 hltPhase2CutsRecoTracksPt09HighPtTripletStepHp
TrigReport        128        128        128          0          0 hltPhase2CutsRecoTracksPt09Hp
TrigReport        128        128        128          0          0 hltPhase2CutsRecoTracksPt09InitialStep
TrigReport        128        128        128          0          0 hltPhase2CutsRecoTracksPt09InitialStepHp
TrigReport        128        128        128          0          0 hltPhase2GeneralTracks
TrigReport        128        128        128          0          0 hltPhase2GeneralTracksFromPV
TrigReport          0          0          0          0          0 hltPhase2GeneralTracksFromPVPt09
TrigReport        128        128        128          0          0 hltPhase2GeneralTracksPt09
TrigReport        128        128        128          0          0 hltPhase2HighPtTripletStepClusters
TrigReport        128        128        128          0          0 hltPhase2HighPtTripletStepHitDoublets
TrigReport        128        128        128          0          0 hltPhase2HighPtTripletStepHitTriplets
TrigReport        128        128        128          0          0 hltPhase2HighPtTripletStepSeedLayers
TrigReport        128        128        128          0          0 hltPhase2HighPtTripletStepSeeds
TrigReport        128        128        128          0          0 hltPhase2HighPtTripletStepTrackCandidates
TrigReport        128        128        128          0          0 hltPhase2HighPtTripletStepTrackCutClassifier
TrigReport        128        128        128          0          0 hltPhase2HighPtTripletStepTrackingRegions
TrigReport        128        128        128          0          0 hltPhase2HighPtTripletStepTracks
TrigReport        128        128        128          0          0 hltPhase2HighPtTripletStepTracksSelectionHighPurity
TrigReport        128        128        128          0          0 hltPhase2HighPurityPV0p1
TrigReport        128        128        128          0          0 hltPhase2HighPurityPt1
TrigReport        128        128        128          0          0 hltPhase2HighPurityPtRange0to1
TrigReport        128        128        128          0          0 hltPhase2InclusiveSecondaryVertices
TrigReport        128        128        128          0          0 hltPhase2InclusiveVertexFinder
TrigReport        128        128        128          0          0 hltPhase2InitialStepSeeds
TrigReport        128        128        128          0          0 hltPhase2InitialStepTrackCandidates
TrigReport        128        128        128          0          0 hltPhase2InitialStepTrackCutClassifier
TrigReport        128        128        128          0          0 hltPhase2InitialStepTracks
TrigReport        128        128        128          0          0 hltPhase2InitialStepTracksSelectionHighPurity
TrigReport        128        128        128          0          0 hltPhase2OfflinePrimaryVertices
TrigReport        128        128        128          0          0 hltPhase2OfflinePrimaryVerticesWithBS
TrigReport        128        128        128          0          0 hltPhase2PV0p1
TrigReport        128        128        128          0          0 hltPhase2PixelQuadrupletsSelector
TrigReport        128        128        128          0          0 hltPhase2PixelTrackSoA
TrigReport        128        128        128          0          0 hltPhase2PixelTracks
TrigReport        128        128        128          0          0 hltPhase2PixelTracksCleaner
TrigReport        128        128        128          0          0 hltPhase2PixelTracksMerger
TrigReport        128        128        128          0          0 hltPhase2PixelTripletsCleaner
TrigReport        128        128        128          0          0 hltPhase2PixelTripletsSelector
TrigReport        128        128        128          0          0 hltPhase2PixelVertexAnalysisTrackingOnly
TrigReport        128        128        128          0          0 hltPhase2PixelVertexAssociatorByPositionAndTracks
TrigReport        128        128        128          0          0 hltPhase2PixelVertices
TrigReport        128        128        128          0          0 hltPhase2PrimaryVertexResolution
TrigReport        128        128        128          0          0 hltPhase2PvMonitor
TrigReport          0          0          0          0          0 hltPhase2SeedTrackshighPtTripletStepSeeds
TrigReport          0          0          0          0          0 hltPhase2SeedTracksinitialStepSeeds
TrigReport        128        128        128          0          0 hltPhase2SelectedPixelVertices
TrigReport        128        128        128          0          0 hltPhase2TrackMon_ckf
TrigReport        128        128        128          0          0 hltPhase2TrackRefsForJetsBeforeSorting
TrigReport        128        128        128          0          0 hltPhase2TrackSeedMonhighPtTripletStep
TrigReport        128        128        128          0          0 hltPhase2TrackSeedMoninitialStep
TrigReport        128        128        128          0          0 hltPhase2TrackValidatorBHadronTrackingOnly
TrigReport        128        128        128          0          0 hltPhase2TrackValidatorFromPVStandalone
TrigReport        128        128        128          0          0 hltPhase2TrackValidatorPixelTrackingOnly
TrigReport        128        128        128          0          0 hltPhase2TrackValidatorTrackingOnly
TrigReport        128        128        128          0          0 hltPhase2TrackVertexArbitrator
TrigReport        128        128        128          0          0 hltPhase2TrackWithVertexRefSelectorBeforeSorting
TrigReport        128        128        128          0          0 hltPhase2TrackerCollisionSelectedTrackMonCommongeneralTracks
TrigReport        128        128        128          0          0 hltPhase2TrackerCollisionSelectedTrackMonCommonhighPurityPV0p1
TrigReport        128        128        128          0          0 hltPhase2TrackerCollisionSelectedTrackMonCommonhighPurityPt1
TrigReport        128        128        128          0          0 hltPhase2TrackerCollisionSelectedTrackMonCommonhighPurityPtRange0to1
TrigReport        128        128        128          0          0 hltPhase2TrackingDQMgoodOfflinePrimaryVertices
TrigReport          0          0          0          0          0 hltPhase2TrackingDQMgoodPixelVertices
TrigReport        256        128        128          0          0 hltPhase2TrackingParticlePixelTrackAsssociation
TrigReport        256        128        128          0          0 hltPhase2TrackingParticleRecoTrackAsssociation
TrigReport          0          0          0          0          0 hltPhase2TrackingParticlesElectron
TrigReport        128        128        128          0          0 hltPhase2TrackingParticlesSignal
TrigReport        128        128        128          0          0 hltPhase2TrimmedPixelVertices
TrigReport        128        128        128          0          0 hltPhase2UnsortedOfflinePrimaryVertices
TrigReport        128        128        128          0          0 hltPhase2V0Validator
TrigReport        128        128        128          0          0 hltPhase2VertexAssociatorByPositionAndTracks
TrigReport        128        128        128          0          0 hltPhase2VertexMerger
TrigReport        128        128        128          0          0 horeco
TrigReport          0          0          0          0          0 muonCSCDigis
TrigReport          0          0          0          0          0 muonDTDigis
TrigReport          0          0          0          0          0 muonGEMDigis
TrigReport          0          0          0          0          0 muonRPCDigis
TrigReport        128        128        128          0          0 offlineBeamSpot
TrigReport        128        128        128          0          0 original_v6
TrigReport        128        128        128          0          0 pixelVertexCoordinates
TrigReport        128        128        128          0          0 prevalidation_original
TrigReport        128        128        128          0          0 quickTrackAssociatorByHits
TrigReport        128        128        128          0          0 raw2digi_step
TrigReport        256        128        128          0          0 scalersRawToDigi
TrigReport        128        128        128          0          0 siPhase2Clusters
TrigReport        128        128        128          0          0 siPixelClusterShapeCache
TrigReport        128        128        128          0          0 siPixelClusters
TrigReport        128        128        128          0          0 siPixelRecHits
TrigReport        128        128        128          0          0 simHitTPAssocProducer
TrigReport        128        128        128          0          0 tpClusterProducer
TrigReport        128        128        128          0          0 trackerClusterCheck
TrigReport        384        128        128          0          0 trackingParticleNumberOfLayersProducer
TrigReport        128        128        128          0          0 trackingParticlesBHadron
TrigReport          0          0          0          0          0 trackingParticlesConversion
TrigReport        128        128        128          0          0 validation_original
TrigReport        128        128        128          0          0 vertexFromL1
TrigReport        128        128        128          0          0 vertexing

TimeReport ---------- Event  Summary ---[sec]----
TimeReport       event loop CPU/event = 10.123439
TimeReport      event loop Real/event = 2.342295
TimeReport     sum Streams Real/event = 15.181662
TimeReport efficiency CPU/Real/thread = 0.540252

TimeReport ---------- Path   Summary ---[Real sec]----
TimeReport  per event     per exec  Name
TimeReport   0.000000     0.000000  raw2digi_step
TimeReport  12.115720    12.115720  original_v6
TimeReport   0.000000     0.000000  prevalidation_original
TimeReport  12.915302    12.915302  validation_original
TimeReport  12.020258    12.020258  vertexing
TimeReport  per event     per exec  Name

TimeReport -------End-Path   Summary ---[Real sec]----
TimeReport  per event     per exec  Name
TimeReport   0.000000     0.000000  dqm_original
TimeReport   0.989600     0.989600  DQMoutput_step
TimeReport  per event     per exec  Name

TimeReport ---------- Modules in Path: raw2digi_step ---[Real sec]----
TimeReport  per event    per visit  Name

TimeReport ---------- Modules in Path: original_v6 ---[Real sec]----
TimeReport  per event    per visit  Name
TimeReport   0.000107     0.000107  offlineBeamSpot
TimeReport   0.008863     0.008863  siPhase2Clusters
TimeReport   0.173733     0.173733  siPixelClusters
TimeReport   0.030387     0.030387  siPixelClusterShapeCache
TimeReport   0.046750     0.046750  siPixelRecHits
TimeReport   0.001949     0.001949  MeasurementTrackerEvent
TimeReport   0.000008     0.000008  trackerClusterCheck
TimeReport   0.000038     0.000038  vertexFromL1
TimeReport   0.000051     0.000051  pixelVertexCoordinates
TimeReport   0.766540     0.766540  hltPhase2PixelTrackSoA
TimeReport   0.008555     0.008555  hltPhase2PixelTracks
TimeReport   0.001286     0.001286  hltPhase2PixelVertices
TimeReport   0.000413     0.000413  hltPhase2TrimmedPixelVertices
TimeReport   0.002000     0.002000  hltPhase2PixelTracksCleaner
TimeReport   0.001932     0.001932  hltPhase2PixelTripletsCleaner
TimeReport   0.000803     0.000803  hltPhase2PixelTripletsSelector
TimeReport   0.000825     0.000825  hltPhase2PixelQuadrupletsSelector
TimeReport   0.408580     0.408580  hltPhase2PixelTracksMerger
TimeReport   0.015521     0.015521  hltPhase2InitialStepSeeds
TimeReport   0.189370     0.189370  hltPhase2InitialStepTrackCandidates
TimeReport   0.737294     0.737294  hltPhase2InitialStepTracks
TimeReport   0.000745     0.000745  hltPhase2InitialStepTrackCutClassifier
TimeReport   0.002017     0.002017  hltPhase2InitialStepTracksSelectionHighPurity
TimeReport   0.000270     0.000270  hltPhase2HighPtTripletStepClusters
TimeReport   0.003941     0.003941  hltPhase2HighPtTripletStepSeedLayers
TimeReport   0.000018     0.000018  hltPhase2HighPtTripletStepTrackingRegions
TimeReport   0.105956     0.105956  hltPhase2HighPtTripletStepHitDoublets
TimeReport   0.555254     0.555254  hltPhase2HighPtTripletStepHitTriplets
TimeReport   0.157088     0.157088  hltPhase2HighPtTripletStepSeeds
TimeReport   1.000279     1.000279  hltPhase2HighPtTripletStepTrackCandidates
TimeReport   0.276173     0.276173  hltPhase2HighPtTripletStepTracks
TimeReport   0.001325     0.001325  hltPhase2HighPtTripletStepTrackCutClassifier
TimeReport   0.003313     0.003313  hltPhase2HighPtTripletStepTracksSelectionHighPurity
TimeReport   0.029528     0.029528  hltPhase2GeneralTracks

TimeReport ---------- Modules in Path: prevalidation_original ---[Real sec]----
TimeReport  per event    per visit  Name

TimeReport ---------- Modules in Path: validation_original ---[Real sec]----
TimeReport  per event    per visit  Name
TimeReport   0.176711     0.176711  hltPhase2TrackValidatorPixelTrackingOnly
TimeReport   0.600228     0.600228  hltPhase2TrackValidatorTrackingOnly
TimeReport   0.004346     0.004346  hltPhase2TrackValidatorFromPVStandalone
TimeReport   0.380834     0.380834  hltPhase2TrackValidatorBHadronTrackingOnly

TimeReport ---------- Modules in Path: vertexing ---[Real sec]----
TimeReport  per event    per visit  Name
TimeReport   0.000023     0.000023  bunchSpacingProducer
TimeReport   0.183279     0.183279  ecalMultiFitUncalibRecHit
TimeReport   0.000164     0.000164  ecalDetIdToBeRecovered
TimeReport   0.117839     0.117839  ecalRecHit
TimeReport   0.050459     0.050459  hbhereco
TimeReport   0.002479     0.002479  hfprereco
TimeReport   0.001666     0.001666  hfreco
TimeReport   0.000703     0.000703  horeco
TimeReport   0.219950     0.219950  hltPhase2UnsortedOfflinePrimaryVertices
TimeReport   0.000945     0.000945  hltPhase2TrackWithVertexRefSelectorBeforeSorting
TimeReport   0.000874     0.000874  hltPhase2TrackRefsForJetsBeforeSorting
TimeReport   0.007850     0.007850  caloTowerForTrk
TimeReport   0.004698     0.004698  hltPhase2Ak4CaloJetsForTrk
TimeReport   0.012621     0.012621  hltPhase2OfflinePrimaryVertices
TimeReport   0.012832     0.012832  hltPhase2OfflinePrimaryVerticesWithBS
TimeReport   0.078004     0.078004  hltPhase2InclusiveVertexFinder
TimeReport   0.006956     0.006956  hltPhase2VertexMerger
TimeReport   0.080213     0.080213  hltPhase2TrackVertexArbitrator
TimeReport   0.000064     0.000064  hltPhase2InclusiveSecondaryVertices
TimeReport  per event    per visit  Name

TimeReport ------ Modules in End-Path: dqm_original ---[Real sec]----
TimeReport  per event    per visit  Name

TimeReport ------ Modules in End-Path: DQMoutput_step ---[Real sec]----
TimeReport  per event    per visit  Name
TimeReport   0.000000     0.000000  DQMoutput
TimeReport  per event    per visit  Name

TimeReport ---------- Module Summary ---[Real sec]----
TimeReport  per event     per exec    per visit  Name
TimeReport   0.000000     0.000000     0.000000  DQMoutput
TimeReport   0.000007     0.000007     0.000007  DQMoutput_step
TimeReport   0.001949     0.001949     0.001949  MeasurementTrackerEvent
TimeReport   0.226856     0.226856     0.226856  TrackSplitMonitor
TimeReport   0.000011     0.000011     0.000011  TriggerResults
TimeReport   0.000023     0.000023     0.000023  bunchSpacingProducer
TimeReport   0.007850     0.007850     0.007850  caloTowerForTrk
TimeReport   0.000125     0.000125     0.000125  dqmInfoTracking
TimeReport   0.000006     0.000006     0.000006  dqm_original
TimeReport   0.000164     0.000164     0.000164  ecalDetIdToBeRecovered
TimeReport   0.006150     0.006150     0.006150  ecalDigis
TimeReport   0.183279     0.183279     0.183279  ecalMultiFitUncalibRecHit
TimeReport   0.117839     0.117839     0.117839  ecalRecHit
TimeReport   0.050459     0.050459     0.050459  hbhereco
TimeReport   0.003088     0.003088     0.003088  hcalDigis
TimeReport   0.002479     0.002479     0.002479  hfprereco
TimeReport   0.001666     0.001666     0.001666  hfreco
TimeReport   0.004698     0.004698     0.004698  hltPhase2Ak4CaloJetsForTrk
TimeReport   0.001268     0.001268     0.001268  hltPhase2CutsRecoTracksBtvLike
TimeReport   0.000000     0.000000     0.000000  hltPhase2CutsRecoTracksFromPVHighPtTripletStep
TimeReport   0.000000     0.000000     0.000000  hltPhase2CutsRecoTracksFromPVHighPtTripletStepHp
TimeReport   0.000000     0.000000     0.000000  hltPhase2CutsRecoTracksFromPVHp
TimeReport   0.000000     0.000000     0.000000  hltPhase2CutsRecoTracksFromPVInitialStep
TimeReport   0.000000     0.000000     0.000000  hltPhase2CutsRecoTracksFromPVInitialStepHp
TimeReport   0.000000     0.000000     0.000000  hltPhase2CutsRecoTracksFromPVPt09HighPtTripletStep
TimeReport   0.000000     0.000000     0.000000  hltPhase2CutsRecoTracksFromPVPt09HighPtTripletStepHp
TimeReport   0.000000     0.000000     0.000000  hltPhase2CutsRecoTracksFromPVPt09Hp
TimeReport   0.000000     0.000000     0.000000  hltPhase2CutsRecoTracksFromPVPt09InitialStep
TimeReport   0.000000     0.000000     0.000000  hltPhase2CutsRecoTracksFromPVPt09InitialStepHp
TimeReport   0.000798     0.000798     0.000798  hltPhase2CutsRecoTracksHighPtTripletStep
TimeReport   0.000913     0.000913     0.000913  hltPhase2CutsRecoTracksHighPtTripletStepByAlgoMask
TimeReport   0.000931     0.000931     0.000931  hltPhase2CutsRecoTracksHighPtTripletStepByAlgoMaskHp
TimeReport   0.000855     0.000855     0.000855  hltPhase2CutsRecoTracksHighPtTripletStepByOriginalAlgo
TimeReport   0.000184     0.000184     0.000184  hltPhase2CutsRecoTracksHighPtTripletStepByOriginalAlgoHp
TimeReport   0.000772     0.000772     0.000772  hltPhase2CutsRecoTracksHighPtTripletStepHp
TimeReport   0.000000     0.000000     0.000000  hltPhase2CutsRecoTracksHp
TimeReport   0.000718     0.000718     0.000718  hltPhase2CutsRecoTracksInitialStep
TimeReport   0.000745     0.000745     0.000745  hltPhase2CutsRecoTracksInitialStepByAlgoMask
TimeReport   0.000830     0.000830     0.000830  hltPhase2CutsRecoTracksInitialStepByAlgoMaskHp
TimeReport   0.000632     0.000632     0.000632  hltPhase2CutsRecoTracksInitialStepByOriginalAlgo
TimeReport   0.000728     0.000728     0.000728  hltPhase2CutsRecoTracksInitialStepByOriginalAlgoHp
TimeReport   0.000634     0.000634     0.000634  hltPhase2CutsRecoTracksInitialStepHp
TimeReport   0.000990     0.000990     0.000990  hltPhase2CutsRecoTracksPt09HighPtTripletStep
TimeReport   0.001039     0.001039     0.001039  hltPhase2CutsRecoTracksPt09HighPtTripletStepHp
TimeReport   0.001459     0.001459     0.001459  hltPhase2CutsRecoTracksPt09Hp
TimeReport   0.000858     0.000858     0.000858  hltPhase2CutsRecoTracksPt09InitialStep
TimeReport   0.000902     0.000902     0.000902  hltPhase2CutsRecoTracksPt09InitialStepHp
TimeReport   0.029528     0.029528     0.029528  hltPhase2GeneralTracks
TimeReport   0.001002     0.001002     0.001002  hltPhase2GeneralTracksFromPV
TimeReport   0.000000     0.000000     0.000000  hltPhase2GeneralTracksFromPVPt09
TimeReport   0.001307     0.001307     0.001307  hltPhase2GeneralTracksPt09
TimeReport   0.000270     0.000270     0.000270  hltPhase2HighPtTripletStepClusters
TimeReport   0.105956     0.105956     0.105956  hltPhase2HighPtTripletStepHitDoublets
TimeReport   0.555254     0.555254     0.555254  hltPhase2HighPtTripletStepHitTriplets
TimeReport   0.003941     0.003941     0.003941  hltPhase2HighPtTripletStepSeedLayers
TimeReport   0.157088     0.157088     0.157088  hltPhase2HighPtTripletStepSeeds
TimeReport   1.000279     1.000279     1.000279  hltPhase2HighPtTripletStepTrackCandidates
TimeReport   0.001325     0.001325     0.001325  hltPhase2HighPtTripletStepTrackCutClassifier
TimeReport   0.000018     0.000018     0.000018  hltPhase2HighPtTripletStepTrackingRegions
TimeReport   0.276173     0.276173     0.276173  hltPhase2HighPtTripletStepTracks
TimeReport   0.003313     0.003313     0.003313  hltPhase2HighPtTripletStepTracksSelectionHighPurity
TimeReport   0.000525     0.000525     0.000525  hltPhase2HighPurityPV0p1
TimeReport   0.000731     0.000731     0.000731  hltPhase2HighPurityPt1
TimeReport   0.000678     0.000678     0.000678  hltPhase2HighPurityPtRange0to1
TimeReport   0.000064     0.000064     0.000064  hltPhase2InclusiveSecondaryVertices
TimeReport   0.078004     0.078004     0.078004  hltPhase2InclusiveVertexFinder
TimeReport   0.015521     0.015521     0.015521  hltPhase2InitialStepSeeds
TimeReport   0.189370     0.189370     0.189370  hltPhase2InitialStepTrackCandidates
TimeReport   0.000745     0.000745     0.000745  hltPhase2InitialStepTrackCutClassifier
TimeReport   0.737294     0.737294     0.737294  hltPhase2InitialStepTracks
TimeReport   0.002017     0.002017     0.002017  hltPhase2InitialStepTracksSelectionHighPurity
TimeReport   0.012621     0.012621     0.012621  hltPhase2OfflinePrimaryVertices
TimeReport   0.012832     0.012832     0.012832  hltPhase2OfflinePrimaryVerticesWithBS
TimeReport   0.000432     0.000432     0.000432  hltPhase2PV0p1
TimeReport   0.000825     0.000825     0.000825  hltPhase2PixelQuadrupletsSelector
TimeReport   0.766540     0.766540     0.766540  hltPhase2PixelTrackSoA
TimeReport   0.008555     0.008555     0.008555  hltPhase2PixelTracks
TimeReport   0.002000     0.002000     0.002000  hltPhase2PixelTracksCleaner
TimeReport   0.408580     0.408580     0.408580  hltPhase2PixelTracksMerger
TimeReport   0.001932     0.001932     0.001932  hltPhase2PixelTripletsCleaner
TimeReport   0.000803     0.000803     0.000803  hltPhase2PixelTripletsSelector
TimeReport   0.036370     0.036370     0.036370  hltPhase2PixelVertexAnalysisTrackingOnly
TimeReport   0.000016     0.000016     0.000016  hltPhase2PixelVertexAssociatorByPositionAndTracks
TimeReport   0.001286     0.001286     0.001286  hltPhase2PixelVertices
TimeReport   0.046845     0.046845     0.046845  hltPhase2PrimaryVertexResolution
TimeReport   0.000194     0.000194     0.000194  hltPhase2PvMonitor
TimeReport   0.000000     0.000000     0.000000  hltPhase2SeedTrackshighPtTripletStepSeeds
TimeReport   0.000000     0.000000     0.000000  hltPhase2SeedTracksinitialStepSeeds
TimeReport   0.000047     0.000047     0.000047  hltPhase2SelectedPixelVertices
TimeReport   0.068544     0.068544     0.068544  hltPhase2TrackMon_ckf
TimeReport   0.000874     0.000874     0.000874  hltPhase2TrackRefsForJetsBeforeSorting
TimeReport   0.059007     0.059007     0.059007  hltPhase2TrackSeedMonhighPtTripletStep
TimeReport   0.006186     0.006186     0.006186  hltPhase2TrackSeedMoninitialStep
TimeReport   0.380834     0.380834     0.380834  hltPhase2TrackValidatorBHadronTrackingOnly
TimeReport   0.004346     0.004346     0.004346  hltPhase2TrackValidatorFromPVStandalone
TimeReport   0.176711     0.176711     0.176711  hltPhase2TrackValidatorPixelTrackingOnly
TimeReport   0.600228     0.600228     0.600228  hltPhase2TrackValidatorTrackingOnly
TimeReport   0.080213     0.080213     0.080213  hltPhase2TrackVertexArbitrator
TimeReport   0.000945     0.000945     0.000945  hltPhase2TrackWithVertexRefSelectorBeforeSorting
TimeReport   0.956970     0.956970     0.956970  hltPhase2TrackerCollisionSelectedTrackMonCommongeneralTracks
TimeReport   0.020530     0.020530     0.020530  hltPhase2TrackerCollisionSelectedTrackMonCommonhighPurityPV0p1
TimeReport   0.475963     0.475963     0.475963  hltPhase2TrackerCollisionSelectedTrackMonCommonhighPurityPt1
TimeReport   0.069106     0.069106     0.069106  hltPhase2TrackerCollisionSelectedTrackMonCommonhighPurityPtRange0to1
TimeReport   0.000267     0.000267     0.000267  hltPhase2TrackingDQMgoodOfflinePrimaryVertices
TimeReport   0.000000     0.000000     0.000000  hltPhase2TrackingDQMgoodPixelVertices
TimeReport   0.319062     0.319062     0.319062  hltPhase2TrackingParticlePixelTrackAsssociation
TimeReport   0.082286     0.082286     0.082286  hltPhase2TrackingParticleRecoTrackAsssociation
TimeReport   0.000000     0.000000     0.000000  hltPhase2TrackingParticlesElectron
TimeReport   1.564613     1.564613     1.564613  hltPhase2TrackingParticlesSignal
TimeReport   0.000413     0.000413     0.000413  hltPhase2TrimmedPixelVertices
TimeReport   0.219950     0.219950     0.219950  hltPhase2UnsortedOfflinePrimaryVertices
TimeReport   0.008672     0.008672     0.008672  hltPhase2V0Validator
TimeReport   0.000012     0.000012     0.000012  hltPhase2VertexAssociatorByPositionAndTracks
TimeReport   0.006956     0.006956     0.006956  hltPhase2VertexMerger
TimeReport   0.000703     0.000703     0.000703  horeco
TimeReport   0.000000     0.000000     0.000000  muonCSCDigis
TimeReport   0.000000     0.000000     0.000000  muonDTDigis
TimeReport   0.000000     0.000000     0.000000  muonGEMDigis
TimeReport   0.000000     0.000000     0.000000  muonRPCDigis
TimeReport   0.000107     0.000107     0.000107  offlineBeamSpot
TimeReport   0.000010     0.000010     0.000010  original_v6
TimeReport   0.000051     0.000051     0.000051  pixelVertexCoordinates
TimeReport   0.000008     0.000008     0.000008  prevalidation_original
TimeReport   0.000023     0.000023     0.000023  quickTrackAssociatorByHits
TimeReport   0.000027     0.000027     0.000027  raw2digi_step
TimeReport   0.000053     0.000053     0.000053  scalersRawToDigi
TimeReport   0.008863     0.008863     0.008863  siPhase2Clusters
TimeReport   0.030387     0.030387     0.030387  siPixelClusterShapeCache
TimeReport   0.173733     0.173733     0.173733  siPixelClusters
TimeReport   0.046750     0.046750     0.046750  siPixelRecHits
TimeReport   0.144331     0.144331     0.144331  simHitTPAssocProducer
TimeReport   0.842007     0.842007     0.842007  tpClusterProducer
TimeReport   0.000008     0.000008     0.000008  trackerClusterCheck
TimeReport   1.051239     1.051239     1.051239  trackingParticleNumberOfLayersProducer
TimeReport   2.045746     2.045746     2.045746  trackingParticlesBHadron
TimeReport   0.000000     0.000000     0.000000  trackingParticlesConversion
TimeReport   0.000009     0.000009     0.000009  validation_original
TimeReport   0.000038     0.000038     0.000038  vertexFromL1
TimeReport   0.000011     0.000011     0.000011  vertexing
TimeReport  per event     per exec    per visit  Name

T---Report end!

FastReport ---------------------------- Job Summary ----------------------------
FastReport   CPU time avg.      when run  Real time avg.      when run     Alloc. avg.      when run   Dealloc. avg.      when run  Modules
FastReport         0.3 ms         0.3 ms         9.7 ms         9.7 ms        +644 kB        +644 kB        -164 kB        -164 kB  source
FastReport      8593.7 ms                    14529.4 ms                  +10270162 kB                  -10073198 kB                 process RECO2
FastReport        28.3 ms        28.3 ms       226.9 ms       226.9 ms       +6071 kB       +6071 kB       -5398 kB       -5398 kB    TrackSplitMonitor
FastReport         0.1 ms         0.1 ms         0.1 ms         0.1 ms          +0 kB          +0 kB          +0 kB          +0 kB    dqmInfoTracking
FastReport         6.1 ms         6.1 ms         6.2 ms         6.2 ms       +2438 kB       +2438 kB       -1720 kB       -1720 kB    ecalDigis
FastReport         3.1 ms         3.1 ms         3.1 ms         3.1 ms       +2794 kB       +2794 kB       -2370 kB       -2370 kB    hcalDigis
FastReport         1.3 ms         1.3 ms         1.3 ms         1.3 ms        +355 kB        +355 kB        -284 kB        -284 kB    hltPhase2CutsRecoTracksBtvLike
FastReport         0.0 ms         0.0 ms         0.0 ms         0.0 ms          +0 kB          +0 kB          +0 kB          +0 kB    hltPhase2CutsRecoTracksFromPVHighPtTripletStep
FastReport         0.0 ms         0.0 ms         0.0 ms         0.0 ms          +0 kB          +0 kB          +0 kB          +0 kB    hltPhase2CutsRecoTracksFromPVHighPtTripletStepHp
FastReport         0.0 ms         0.0 ms         0.0 ms         0.0 ms          +0 kB          +0 kB          +0 kB          +0 kB    hltPhase2CutsRecoTracksFromPVHp
FastReport         0.0 ms         0.0 ms         0.0 ms         0.0 ms          +0 kB          +0 kB          +0 kB          +0 kB    hltPhase2CutsRecoTracksFromPVInitialStep
FastReport         0.0 ms         0.0 ms         0.0 ms         0.0 ms          +0 kB          +0 kB          +0 kB          +0 kB    hltPhase2CutsRecoTracksFromPVInitialStepHp
FastReport         0.0 ms         0.0 ms         0.0 ms         0.0 ms          +0 kB          +0 kB          +0 kB          +0 kB    hltPhase2CutsRecoTracksFromPVPt09HighPtTripletStep
FastReport         0.0 ms         0.0 ms         0.0 ms         0.0 ms          +0 kB          +0 kB          +0 kB          +0 kB    hltPhase2CutsRecoTracksFromPVPt09HighPtTripletStepHp
FastReport         0.0 ms         0.0 ms         0.0 ms         0.0 ms          +0 kB          +0 kB          +0 kB          +0 kB    hltPhase2CutsRecoTracksFromPVPt09Hp
FastReport         0.0 ms         0.0 ms         0.0 ms         0.0 ms          +0 kB          +0 kB          +0 kB          +0 kB    hltPhase2CutsRecoTracksFromPVPt09InitialStep
FastReport         0.0 ms         0.0 ms         0.0 ms         0.0 ms          +0 kB          +0 kB          +0 kB          +0 kB    hltPhase2CutsRecoTracksFromPVPt09InitialStepHp
FastReport         0.8 ms         0.8 ms         0.8 ms         0.8 ms        +303 kB        +303 kB        -238 kB        -238 kB    hltPhase2CutsRecoTracksHighPtTripletStep
FastReport         0.9 ms         0.9 ms         0.9 ms         0.9 ms        +303 kB        +303 kB        -238 kB        -238 kB    hltPhase2CutsRecoTracksHighPtTripletStepByAlgoMask
FastReport         0.9 ms         0.9 ms         0.9 ms         0.9 ms        +303 kB        +303 kB        -238 kB        -238 kB    hltPhase2CutsRecoTracksHighPtTripletStepByAlgoMaskHp
FastReport         0.9 ms         0.9 ms         0.9 ms         0.9 ms        +303 kB        +303 kB        -238 kB        -238 kB    hltPhase2CutsRecoTracksHighPtTripletStepByOriginalAlgo
FastReport         0.2 ms         0.2 ms         0.2 ms         0.2 ms        +150 kB        +150 kB        -101 kB        -101 kB    hltPhase2CutsRecoTracksHighPtTripletStepByOriginalAlgoHp
FastReport         0.8 ms         0.8 ms         0.8 ms         0.8 ms        +303 kB        +303 kB        -238 kB        -238 kB    hltPhase2CutsRecoTracksHighPtTripletStepHp
FastReport         0.0 ms         0.0 ms         0.0 ms         0.0 ms          +0 kB          +0 kB          +0 kB          +0 kB    hltPhase2CutsRecoTracksHp
FastReport         0.7 ms         0.7 ms         0.7 ms         0.7 ms        +254 kB        +254 kB        -193 kB        -193 kB    hltPhase2CutsRecoTracksInitialStep
FastReport         0.7 ms         0.7 ms         0.7 ms         0.7 ms        +254 kB        +254 kB        -193 kB        -193 kB    hltPhase2CutsRecoTracksInitialStepByAlgoMask
FastReport         0.8 ms         0.8 ms         0.8 ms         0.8 ms        +254 kB        +254 kB        -193 kB        -193 kB    hltPhase2CutsRecoTracksInitialStepByAlgoMaskHp
FastReport         0.6 ms         0.6 ms         0.6 ms         0.6 ms        +254 kB        +254 kB        -193 kB        -193 kB    hltPhase2CutsRecoTracksInitialStepByOriginalAlgo
FastReport         0.7 ms         0.7 ms         0.7 ms         0.7 ms        +254 kB        +254 kB        -193 kB        -193 kB    hltPhase2CutsRecoTracksInitialStepByOriginalAlgoHp
FastReport         0.6 ms         0.6 ms         0.6 ms         0.6 ms        +254 kB        +254 kB        -193 kB        -193 kB    hltPhase2CutsRecoTracksInitialStepHp
FastReport         1.0 ms         1.0 ms         1.0 ms         1.0 ms        +435 kB        +435 kB        -369 kB        -369 kB    hltPhase2CutsRecoTracksPt09HighPtTripletStep
FastReport         1.0 ms         1.0 ms         1.0 ms         1.0 ms        +435 kB        +435 kB        -369 kB        -369 kB    hltPhase2CutsRecoTracksPt09HighPtTripletStepHp
FastReport         1.5 ms         1.5 ms         1.5 ms         1.5 ms        +520 kB        +520 kB        -445 kB        -445 kB    hltPhase2CutsRecoTracksPt09Hp
FastReport         0.9 ms         0.9 ms         0.9 ms         0.9 ms        +385 kB        +385 kB        -325 kB        -325 kB    hltPhase2CutsRecoTracksPt09InitialStep
FastReport         0.9 ms         0.9 ms         0.9 ms         0.9 ms        +385 kB        +385 kB        -325 kB        -325 kB    hltPhase2CutsRecoTracksPt09InitialStepHp
FastReport         1.0 ms         1.0 ms         1.0 ms         1.0 ms        +177 kB        +177 kB        -176 kB        -176 kB    hltPhase2GeneralTracksFromPV
FastReport         0.0 ms         0.0 ms         0.0 ms         0.0 ms          +0 kB          +0 kB          +0 kB          +0 kB    hltPhase2GeneralTracksFromPVPt09
FastReport         1.3 ms         1.3 ms         1.3 ms         1.3 ms        +389 kB        +389 kB        -314 kB        -314 kB    hltPhase2GeneralTracksPt09
FastReport         0.5 ms         0.5 ms         0.5 ms         0.5 ms         +68 kB         +68 kB         -34 kB         -34 kB    hltPhase2HighPurityPV0p1
FastReport         0.7 ms         0.7 ms         0.7 ms         0.7 ms       +1186 kB       +1186 kB        -593 kB        -593 kB    hltPhase2HighPurityPt1
FastReport         0.7 ms         0.7 ms         0.7 ms         0.7 ms        +260 kB        +260 kB        -130 kB        -130 kB    hltPhase2HighPurityPtRange0to1
FastReport         0.4 ms         0.4 ms         0.4 ms         0.4 ms          +0 kB          +0 kB          +0 kB          +0 kB    hltPhase2PV0p1
FastReport        36.3 ms        36.3 ms        36.4 ms        36.4 ms       +1551 kB       +1551 kB       -1531 kB       -1531 kB    hltPhase2PixelVertexAnalysisTrackingOnly
FastReport         0.0 ms         0.0 ms         0.0 ms         0.0 ms          +0 kB          +0 kB          +0 kB          +0 kB    hltPhase2PixelVertexAssociatorByPositionAndTracks
FastReport        46.7 ms        46.7 ms        46.8 ms        46.8 ms      +38719 kB      +38719 kB      -38719 kB      -38719 kB    hltPhase2PrimaryVertexResolution
FastReport         0.2 ms         0.2 ms         0.2 ms         0.2 ms          +0 kB          +0 kB          +0 kB          +0 kB    hltPhase2PvMonitor
FastReport         0.0 ms         0.0 ms         0.0 ms         0.0 ms          +0 kB          +0 kB          +0 kB          +0 kB    hltPhase2SeedTrackshighPtTripletStepSeeds
FastReport         0.0 ms         0.0 ms         0.0 ms         0.0 ms          +0 kB          +0 kB          +0 kB          +0 kB    hltPhase2SeedTracksinitialStepSeeds
FastReport         0.0 ms         0.0 ms         0.0 ms         0.0 ms          +0 kB          +0 kB          +0 kB          +0 kB    hltPhase2SelectedPixelVertices
FastReport         0.5 ms         0.5 ms        68.5 ms        68.5 ms         +24 kB         +24 kB         -11 kB         -11 kB    hltPhase2TrackMon_ckf
FastReport        58.9 ms        58.9 ms        59.0 ms        59.0 ms       +3914 kB       +3914 kB       -1716 kB       -1716 kB    hltPhase2TrackSeedMonhighPtTripletStep
FastReport         6.2 ms         6.2 ms         6.2 ms         6.2 ms        +398 kB        +398 kB        -200 kB        -200 kB    hltPhase2TrackSeedMoninitialStep
FastReport       954.7 ms       954.7 ms       957.0 ms       957.0 ms       +4097 kB       +4097 kB       -3999 kB       -3999 kB    hltPhase2TrackerCollisionSelectedTrackMonCommongeneralTracks
FastReport        20.5 ms        20.5 ms        20.5 ms        20.5 ms        +629 kB        +629 kB        -626 kB        -626 kB    hltPhase2TrackerCollisionSelectedTrackMonCommonhighPurityPV0p1
FastReport       474.8 ms       474.8 ms       476.0 ms       476.0 ms       +8575 kB       +8575 kB       -8488 kB       -8488 kB    hltPhase2TrackerCollisionSelectedTrackMonCommonhighPurityPt1
FastReport        68.9 ms        68.9 ms        69.1 ms        69.1 ms        +887 kB        +887 kB        -829 kB        -829 kB    hltPhase2TrackerCollisionSelectedTrackMonCommonhighPurityPtRange0to1
FastReport         0.3 ms         0.3 ms         0.3 ms         0.3 ms        +202 kB        +202 kB        -136 kB        -136 kB    hltPhase2TrackingDQMgoodOfflinePrimaryVertices
FastReport         0.0 ms         0.0 ms         0.0 ms         0.0 ms          +0 kB          +0 kB          +0 kB          +0 kB    hltPhase2TrackingDQMgoodPixelVertices
FastReport        26.6 ms        26.6 ms       319.1 ms       319.1 ms      +23676 kB      +23676 kB      -23360 kB      -23360 kB    hltPhase2TrackingParticlePixelTrackAsssociation
FastReport        38.5 ms        38.5 ms        82.3 ms        82.3 ms      +25333 kB      +25333 kB      -25057 kB      -25057 kB    hltPhase2TrackingParticleRecoTrackAsssociation
FastReport         0.0 ms         0.0 ms         0.0 ms         0.0 ms          +0 kB          +0 kB          +0 kB          +0 kB    hltPhase2TrackingParticlesElectron
FastReport        48.7 ms        48.7 ms      1564.6 ms      1564.6 ms       +2786 kB       +2786 kB        -913 kB        -913 kB    hltPhase2TrackingParticlesSignal
FastReport         8.6 ms         8.6 ms         8.7 ms         8.7 ms         +14 kB         +14 kB          -9 kB          -9 kB    hltPhase2V0Validator
FastReport         0.0 ms         0.0 ms         0.0 ms         0.0 ms          +0 kB          +0 kB          +0 kB          +0 kB    hltPhase2VertexAssociatorByPositionAndTracks
FastReport         0.0 ms         0.0 ms         0.0 ms         0.0 ms          +0 kB          +0 kB          +0 kB          +0 kB    muonCSCDigis
FastReport         0.0 ms         0.0 ms         0.0 ms         0.0 ms          +0 kB          +0 kB          +0 kB          +0 kB    muonDTDigis
FastReport         0.0 ms         0.0 ms         0.0 ms         0.0 ms          +0 kB          +0 kB          +0 kB          +0 kB    muonGEMDigis
FastReport         0.0 ms         0.0 ms         0.0 ms         0.0 ms          +0 kB          +0 kB          +0 kB          +0 kB    muonRPCDigis
FastReport         0.0 ms         0.0 ms         0.0 ms         0.0 ms          +0 kB          +0 kB          +0 kB          +0 kB    quickTrackAssociatorByHits
FastReport         0.1 ms         0.1 ms         0.1 ms         0.1 ms          +0 kB          +0 kB          +0 kB          +0 kB    scalersRawToDigi
FastReport       144.0 ms       144.0 ms       144.3 ms       144.3 ms      +17844 kB      +17844 kB      -17524 kB      -17524 kB    simHitTPAssocProducer
FastReport       839.9 ms       839.9 ms       842.0 ms       842.0 ms    +7199084 kB    +7199084 kB    -7188292 kB    -7188292 kB    tpClusterProducer
FastReport        74.5 ms        74.5 ms      1051.2 ms      1051.2 ms      +15337 kB      +15337 kB      -11584 kB      -11584 kB    trackingParticleNumberOfLayersProducer
FastReport       282.6 ms       282.6 ms      2045.8 ms      2045.8 ms      +32058 kB      +32058 kB      -30877 kB      -30877 kB    trackingParticlesBHadron
FastReport         0.0 ms         0.0 ms         0.0 ms         0.0 ms          +0 kB          +0 kB          +0 kB          +0 kB    trackingParticlesConversion
FastReport         0.1 ms         0.1 ms         0.1 ms         0.1 ms          +3 kB          +3 kB          -3 kB          -3 kB    offlineBeamSpot
FastReport         8.8 ms         8.8 ms         8.9 ms         8.9 ms       +5303 kB       +5303 kB       -4013 kB       -4013 kB    siPhase2Clusters
FastReport        90.7 ms        90.7 ms       173.7 ms       173.7 ms      +49020 kB      +49020 kB      -32948 kB      -32948 kB    siPixelClusters
FastReport        30.3 ms        30.3 ms        30.4 ms        30.4 ms       +4583 kB       +4583 kB       -2294 kB       -2294 kB    siPixelClusterShapeCache
FastReport        46.6 ms        46.6 ms        46.8 ms        46.8 ms      +25276 kB      +25276 kB        -163 kB        -163 kB    siPixelRecHits
FastReport         1.9 ms         1.9 ms         2.0 ms         2.0 ms       +1279 kB       +1279 kB        -347 kB        -347 kB    MeasurementTrackerEvent
FastReport         0.0 ms         0.0 ms         0.0 ms         0.0 ms          +0 kB          +0 kB          +0 kB          +0 kB    trackerClusterCheck
FastReport         0.0 ms         0.0 ms         0.0 ms         0.0 ms          +0 kB          +0 kB          +0 kB          +0 kB    vertexFromL1
FastReport         0.1 ms         0.1 ms         0.1 ms         0.1 ms          +0 kB          +0 kB          +0 kB          +0 kB    pixelVertexCoordinates
FastReport       764.6 ms       764.6 ms       766.5 ms       766.5 ms    +1071744 kB    +1071744 kB    -1030784 kB    -1030784 kB    hltPhase2PixelTrackSoA
FastReport         8.5 ms         8.5 ms         8.6 ms         8.6 ms       +6734 kB       +6734 kB       -4307 kB       -4307 kB    hltPhase2PixelTracks
FastReport         1.3 ms         1.3 ms         1.3 ms         1.3 ms       +1197 kB       +1197 kB       -1166 kB       -1166 kB    hltPhase2PixelVertices
FastReport         0.4 ms         0.4 ms         0.4 ms         0.4 ms        +793 kB        +793 kB         -24 kB         -24 kB    hltPhase2TrimmedPixelVertices
FastReport         2.0 ms         2.0 ms         2.0 ms         2.0 ms       +2365 kB       +2365 kB       -1028 kB       -1028 kB    hltPhase2PixelTracksCleaner
FastReport         1.9 ms         1.9 ms         1.9 ms         1.9 ms       +2365 kB       +2365 kB       -1028 kB       -1028 kB    hltPhase2PixelTripletsCleaner
FastReport         0.8 ms         0.8 ms         0.8 ms         0.8 ms        +277 kB        +277 kB        -213 kB        -213 kB    hltPhase2PixelTripletsSelector
FastReport         0.8 ms         0.8 ms         0.8 ms         0.8 ms        +277 kB        +277 kB        -213 kB        -213 kB    hltPhase2PixelQuadrupletsSelector
FastReport         7.3 ms         7.3 ms       408.6 ms       408.6 ms        +928 kB        +928 kB        -155 kB        -155 kB    hltPhase2PixelTracksMerger
FastReport        15.5 ms        15.5 ms        15.5 ms        15.5 ms       +8023 kB       +8023 kB       -7354 kB       -7354 kB    hltPhase2InitialStepSeeds
FastReport       188.9 ms       188.9 ms       189.4 ms       189.4 ms     +113325 kB     +113325 kB     -112093 kB     -112093 kB    hltPhase2InitialStepTrackCandidates
FastReport       235.0 ms       235.0 ms       737.3 ms       737.3 ms     +129875 kB     +129875 kB     -128067 kB     -128067 kB    hltPhase2InitialStepTracks
FastReport         0.7 ms         0.7 ms         0.7 ms         0.7 ms         +10 kB         +10 kB          -6 kB          -6 kB    hltPhase2InitialStepTrackCutClassifier
FastReport         2.0 ms         2.0 ms         2.0 ms         2.0 ms       +4299 kB       +4299 kB       -2629 kB       -2629 kB    hltPhase2InitialStepTracksSelectionHighPurity
FastReport         0.3 ms         0.3 ms         0.3 ms         0.3 ms        +108 kB        +108 kB         -54 kB         -54 kB    hltPhase2HighPtTripletStepClusters
FastReport         3.9 ms         3.9 ms         3.9 ms         3.9 ms       +3462 kB       +3462 kB       -2253 kB       -2253 kB    hltPhase2HighPtTripletStepSeedLayers
FastReport         0.0 ms         0.0 ms         0.0 ms         0.0 ms          +0 kB          +0 kB          +0 kB          +0 kB    hltPhase2HighPtTripletStepTrackingRegions
FastReport       105.7 ms       105.7 ms       106.0 ms       106.0 ms     +127843 kB     +127843 kB      -92618 kB      -92618 kB    hltPhase2HighPtTripletStepHitDoublets
FastReport       553.9 ms       553.9 ms       555.3 ms       555.3 ms     +231375 kB     +231375 kB     -229699 kB     -229699 kB    hltPhase2HighPtTripletStepHitTriplets
FastReport       156.7 ms       156.7 ms       157.1 ms       157.1 ms      +95370 kB      +95370 kB      -82908 kB      -82908 kB    hltPhase2HighPtTripletStepSeeds
FastReport       997.9 ms       997.9 ms      1000.3 ms      1000.3 ms     +550627 kB     +550627 kB     -546229 kB     -546229 kB    hltPhase2HighPtTripletStepTrackCandidates
FastReport       275.5 ms       275.5 ms       276.2 ms       276.2 ms      +84598 kB      +84598 kB      -80928 kB      -80928 kB    hltPhase2HighPtTripletStepTracks
FastReport         1.3 ms         1.3 ms         1.3 ms         1.3 ms         +25 kB         +25 kB         -15 kB         -15 kB    hltPhase2HighPtTripletStepTrackCutClassifier
FastReport         3.3 ms         3.3 ms         3.3 ms         3.3 ms       +6521 kB       +6521 kB       -3943 kB       -3943 kB    hltPhase2HighPtTripletStepTracksSelectionHighPurity
FastReport        29.5 ms        29.5 ms        29.5 ms        29.5 ms       +4555 kB       +4555 kB        -665 kB        -665 kB    hltPhase2GeneralTracks
FastReport       176.3 ms       176.3 ms       176.7 ms       176.7 ms      +40643 kB      +40643 kB      -40266 kB      -40266 kB    hltPhase2TrackValidatorPixelTrackingOnly
FastReport       598.8 ms       598.8 ms       600.2 ms       600.2 ms      +51542 kB      +51542 kB      -50925 kB      -50925 kB    hltPhase2TrackValidatorTrackingOnly
FastReport         4.3 ms         4.3 ms         4.4 ms         4.4 ms        +311 kB        +311 kB        -267 kB        -267 kB    hltPhase2TrackValidatorFromPVStandalone
FastReport       379.9 ms       379.9 ms       380.8 ms       380.8 ms      +24491 kB      +24491 kB      -23672 kB      -23672 kB    hltPhase2TrackValidatorBHadronTrackingOnly
FastReport         0.0 ms         0.0 ms         0.0 ms         0.0 ms          +0 kB          +0 kB          +0 kB          +0 kB    bunchSpacingProducer
FastReport       182.8 ms       182.8 ms       183.3 ms       183.3 ms       +4311 kB       +4311 kB       -3052 kB       -3052 kB    ecalMultiFitUncalibRecHit
FastReport         0.2 ms         0.2 ms         0.2 ms         0.2 ms         +93 kB         +93 kB         -92 kB         -92 kB    ecalDetIdToBeRecovered
FastReport        46.6 ms        46.6 ms       117.8 ms       117.8 ms      +17482 kB      +17482 kB      -15192 kB      -15192 kB    ecalRecHit
FastReport        50.3 ms        50.3 ms        50.5 ms        50.5 ms       +4066 kB       +4066 kB       -3598 kB       -3598 kB    hbhereco
FastReport         2.5 ms         2.5 ms         2.5 ms         2.5 ms        +532 kB        +532 kB        -327 kB        -327 kB    hfprereco
FastReport         1.7 ms         1.7 ms         1.7 ms         1.7 ms         +97 kB         +97 kB         -48 kB         -48 kB    hfreco
FastReport         0.7 ms         0.7 ms         0.7 ms         0.7 ms         +48 kB         +48 kB         -21 kB         -21 kB    horeco
FastReport       219.4 ms       219.4 ms       220.0 ms       220.0 ms      +89810 kB      +89810 kB      -89669 kB      -89669 kB    hltPhase2UnsortedOfflinePrimaryVertices
FastReport         0.9 ms         0.9 ms         0.9 ms         0.9 ms        +226 kB        +226 kB        -200 kB        -200 kB    hltPhase2TrackWithVertexRefSelectorBeforeSorting
FastReport         0.9 ms         0.9 ms         0.9 ms         0.9 ms        +655 kB        +655 kB        -366 kB        -366 kB    hltPhase2TrackRefsForJetsBeforeSorting
FastReport         7.8 ms         7.8 ms         7.9 ms         7.9 ms       +2178 kB       +2178 kB       -1487 kB       -1487 kB    caloTowerForTrk
FastReport         4.7 ms         4.7 ms         4.7 ms         4.7 ms       +2664 kB       +2664 kB       -2509 kB       -2509 kB    hltPhase2Ak4CaloJetsForTrk
FastReport        12.6 ms        12.6 ms        12.6 ms        12.6 ms       +1906 kB       +1906 kB       -1820 kB       -1820 kB    hltPhase2OfflinePrimaryVertices
FastReport        12.8 ms        12.8 ms        12.8 ms        12.8 ms       +1909 kB       +1909 kB       -1823 kB       -1823 kB    hltPhase2OfflinePrimaryVerticesWithBS
FastReport        77.8 ms        77.8 ms        78.0 ms        78.0 ms      +61926 kB      +61926 kB      -61739 kB      -61739 kB    hltPhase2InclusiveVertexFinder
FastReport         6.9 ms         6.9 ms         7.0 ms         7.0 ms       +4072 kB       +4072 kB       -3999 kB       -3999 kB    hltPhase2VertexMerger
FastReport        80.0 ms        80.0 ms        80.2 ms        80.2 ms      +34703 kB      +34703 kB      -34692 kB      -34692 kB    hltPhase2TrackVertexArbitrator
FastReport         0.1 ms         0.1 ms         0.1 ms         0.1 ms         +73 kB         +73 kB         -64 kB         -64 kB    hltPhase2InclusiveSecondaryVertices
FastReport         0.0 ms         0.0 ms         0.0 ms         0.0 ms          +0 kB          +0 kB          +0 kB          +0 kB    DQMoutput
FastReport         0.0 ms         0.0 ms         0.0 ms         0.0 ms          +0 kB          +0 kB          +0 kB          +0 kB    TriggerResults
FastReport         0.0 ms         0.0 ms         0.0 ms         0.0 ms          +0 kB          +0 kB          +0 kB          +0 kB    raw2digi_step
FastReport         0.0 ms         0.0 ms         0.0 ms         0.0 ms          +0 kB          +0 kB          +0 kB          +0 kB    original_v6
FastReport         0.0 ms         0.0 ms         0.0 ms         0.0 ms          +0 kB          +0 kB          +0 kB          +0 kB    prevalidation_original
FastReport         0.0 ms         0.0 ms         0.0 ms         0.0 ms          +0 kB          +0 kB          +0 kB          +0 kB    validation_original
FastReport         0.0 ms         0.0 ms         0.0 ms         0.0 ms          +0 kB          +0 kB          +0 kB          +0 kB    vertexing
FastReport         0.0 ms         0.0 ms         0.0 ms         0.0 ms          +0 kB          +0 kB          +0 kB          +0 kB    dqm_original
FastReport         0.0 ms         0.0 ms         0.0 ms         0.0 ms          +0 kB          +0 kB          +0 kB          +0 kB    DQMoutput_step
FastReport      8594.0 ms                    14539.1 ms                  +10270807 kB                  -10073362 kB                 total
FastReport      1348.1 ms                     3443.5 ms                    +173395 kB                    -349768 kB                 other

FastReport     CPU time sched. / depend.    Real time sched. / depend.       Alloc. sched. / depend.     Dealloc. sched. / depend.  Processes and Paths
FastReport         0.3 ms                        9.7 ms                       +644 kB                       -164 kB                 source
FastReport      8593.7 ms                    14529.4 ms                  +10270162 kB                  -10073198 kB                 process RECO2
FastReport         0.0 ms         0.0 ms         0.0 ms         0.0 ms          +0 kB          +0 kB          +0 kB          +0 kB    raw2digi_step
FastReport      3536.5 ms      3536.5 ms      4531.0 ms      4531.0 ms    +2532173 kB    +2532173 kB    -2368162 kB    -2368162 kB    original_v6
FastReport         0.0 ms         0.0 ms         0.0 ms         0.0 ms          +0 kB          +0 kB          +0 kB          +0 kB    prevalidation_original
FastReport      1159.3 ms      6154.8 ms      1162.1 ms     11345.6 ms     +116989 kB    +9964556 kB     -115132 kB    -9783308 kB    validation_original
FastReport       708.7 ms      4241.1 ms       781.7 ms      4907.4 ms     +226760 kB    +2757158 kB     -220709 kB    -2590298 kB    vertexing
FastReport         0.0 ms         0.0 ms         0.0 ms         0.0 ms          +0 kB          +0 kB          +0 kB          +0 kB    dqm_original
FastReport         0.0 ms         0.0 ms         0.0 ms         0.0 ms          +0 kB          +0 kB          +0 kB          +0 kB    DQMoutput_step
FastReport      8594.0 ms                    14539.1 ms                  +10270807 kB                  -10073362 kB                 total
FastReport      1348.1 ms                     3443.5 ms                    +173395 kB                    -349768 kB                 other



=============================================

MessageLogger Summary

 type     category        sev    module        subroutine        count    total
 ---- -------------------- -- ---------------- ----------------  -----    -----
    1 XrdAdaptor           -w file_open                              1        1
    2 fileAction           -s file_close                             1        1
    3 fileAction           -s file_open                              3        3

 type    category    Examples: run/evt        run/evt          run/evt
 ---- -------------------- ---------------- ---------------- ----------------
    1 XrdAdaptor           pre-events                        
    2 fileAction           PostGlobalEndRun                  
    3 fileAction           pre-events       pre-events       pre-events

Severity    # Occurrences   Total Occurrences
--------    -------------   -----------------
Warning                 1                   1
System                  4                   4

dropped waiting message count 0
