['/store/mc/Phase2HLTTDRSummer20ReRECOMiniAOD/TT_TuneCP5_14TeV-powheg-pythia8/FEVT/PU200_111X_mcRun4_realistic_T15_v1-v2/280000/FBF7F649-BDF7-4147-922E-5A8B67377742.root', '/store/mc/Phase2HLTTDRSummer20ReRECOMiniAOD/TT_TuneCP5_14TeV-powheg-pythia8/FEVT/PU200_111X_mcRun4_realistic_T15_v1-v2/280000/FC1BA259-9788-6549-99ED-79CE138052B4.root', '/store/mc/Phase2HLTTDRSummer20ReRECOMiniAOD/TT_TuneCP5_14TeV-powheg-pythia8/FEVT/PU200_111X_mcRun4_realistic_T15_v1-v2/280000/FC47CF76-E9D0-B140-9C3E-AD994236A741.root', '/store/mc/Phase2HLTTDRSummer20ReRECOMiniAOD/TT_TuneCP5_14TeV-powheg-pythia8/FEVT/PU200_111X_mcRun4_realistic_T15_v1-v2/280000/FC56902D-DB9B-8844-ABB3-6E5F78B53E86.root', '/store/mc/Phase2HLTTDRSummer20ReRECOMiniAOD/TT_TuneCP5_14TeV-powheg-pythia8/FEVT/PU200_111X_mcRun4_realistic_T15_v1-v2/280000/FC589844-A73C-954F-BB0E-FA5FC095B1F4.root', '/store/mc/Phase2HLTTDRSummer20ReRECOMiniAOD/TT_TuneCP5_14TeV-powheg-pythia8/FEVT/PU200_111X_mcRun4_realistic_T15_v1-v2/280000/FCAA527A-329A-364E-83C3-A51122C545FD.root', '/store/mc/Phase2HLTTDRSummer20ReRECOMiniAOD/TT_TuneCP5_14TeV-powheg-pythia8/FEVT/PU200_111X_mcRun4_realistic_T15_v1-v2/280000/FCACFB78-AF68-5A48-9FEC-A323FD8EEE2E.root', '/store/mc/Phase2HLTTDRSummer20ReRECOMiniAOD/TT_TuneCP5_14TeV-powheg-pythia8/FEVT/PU200_111X_mcRun4_realistic_T15_v1-v2/280000/FCCA1ABA-C564-D74E-9F43-D41529C8EAEB.root', '/store/mc/Phase2HLTTDRSummer20ReRECOMiniAOD/TT_TuneCP5_14TeV-powheg-pythia8/FEVT/PU200_111X_mcRun4_realistic_T15_v1-v2/280000/FCDDAE03-8A9D-B44C-B42B-8446EDBB5236.root', '/store/mc/Phase2HLTTDRSummer20ReRECOMiniAOD/TT_TuneCP5_14TeV-powheg-pythia8/FEVT/PU200_111X_mcRun4_realistic_T15_v1-v2/280000/FCFDFCC2-F905-C246-8827-E5FED5204905.root', '/store/mc/Phase2HLTTDRSummer20ReRECOMiniAOD/TT_TuneCP5_14TeV-powheg-pythia8/FEVT/PU200_111X_mcRun4_realistic_T15_v1-v2/280000/FE3E90BC-C4F4-4040-BFB6-868C48E88215.root', '/store/mc/Phase2HLTTDRSummer20ReRECOMiniAOD/TT_TuneCP5_14TeV-powheg-pythia8/FEVT/PU200_111X_mcRun4_realistic_T15_v1-v2/280000/FEA85932-B228-F243-BE4C-3311AE475A4A.root', '/store/mc/Phase2HLTTDRSummer20ReRECOMiniAOD/TT_TuneCP5_14TeV-powheg-pythia8/FEVT/PU200_111X_mcRun4_realistic_T15_v1-v2/280000/FEAF20C5-8D1A-954E-A081-632FBE5745B1.root', '/store/mc/Phase2HLTTDRSummer20ReRECOMiniAOD/TT_TuneCP5_14TeV-powheg-pythia8/FEVT/PU200_111X_mcRun4_realistic_T15_v1-v2/280000/FEC64627-0B7B-B841-9667-10C13141B0E5.root', '/store/mc/Phase2HLTTDRSummer20ReRECOMiniAOD/TT_TuneCP5_14TeV-powheg-pythia8/FEVT/PU200_111X_mcRun4_realistic_T15_v1-v2/280000/FF5230B3-138E-5345-9C29-23945BBC0519.root', '/store/mc/Phase2HLTTDRSummer20ReRECOMiniAOD/TT_TuneCP5_14TeV-powheg-pythia8/FEVT/PU200_111X_mcRun4_realistic_T15_v1-v2/280000/FFAF8045-404D-464C-9BDB-73B0AF032A55.root']
%MSG-i ThreadStreamSetup:  (NoModuleName) 02-Nov-2020 07:41:03 CET pre-events
setting # threads 16
setting # streams 16
%MSG
02-Nov-2020 07:41:11 CET  Initiating request to open file file:///gpu_data/store/mc/Phase2HLTTDRSummer20ReRECOMiniAOD/TT_TuneCP5_14TeV-powheg-pythia8/FEVT/PU200_111X_mcRun4_realistic_T15_v1-v2/280000/FBF7F649-BDF7-4147-922E-5A8B67377742.root
02-Nov-2020 07:41:11 CET  Initiating request to open file root://eoscms.cern.ch//eos/cms/store/mc/Phase2HLTTDRSummer20ReRECOMiniAOD/TT_TuneCP5_14TeV-powheg-pythia8/FEVT/PU200_111X_mcRun4_realistic_T15_v1-v2/280000/FBF7F649-BDF7-4147-922E-5A8B67377742.root
%MSG-w XrdAdaptor:  file_open 02-Nov-2020 07:41:13 CET pre-events
Data is served from cern.ch instead of original site eoscms
%MSG
02-Nov-2020 07:41:17 CET  Successfully opened file root://eoscms.cern.ch//eos/cms/store/mc/Phase2HLTTDRSummer20ReRECOMiniAOD/TT_TuneCP5_14TeV-powheg-pythia8/FEVT/PU200_111X_mcRun4_realistic_T15_v1-v2/280000/FBF7F649-BDF7-4147-922E-5A8B67377742.root
Begin processing the 1st record. Run 1, Event 146255, LumiSection 882 on stream 4 at 02-Nov-2020 07:41:39.813 CET
Begin processing the 2nd record. Run 1, Event 146247, LumiSection 882 on stream 6 at 02-Nov-2020 07:41:41.403 CET
Begin processing the 3rd record. Run 1, Event 146252, LumiSection 882 on stream 15 at 02-Nov-2020 07:41:41.407 CET
Begin processing the 4th record. Run 1, Event 146250, LumiSection 882 on stream 14 at 02-Nov-2020 07:41:41.412 CET
Begin processing the 5th record. Run 1, Event 146253, LumiSection 882 on stream 10 at 02-Nov-2020 07:41:41.436 CET
Begin processing the 6th record. Run 1, Event 146254, LumiSection 882 on stream 7 at 02-Nov-2020 07:41:41.438 CET
Begin processing the 7th record. Run 1, Event 146251, LumiSection 882 on stream 9 at 02-Nov-2020 07:41:41.439 CET
Begin processing the 8th record. Run 1, Event 146248, LumiSection 882 on stream 11 at 02-Nov-2020 07:41:41.558 CET
Begin processing the 9th record. Run 1, Event 146257, LumiSection 882 on stream 3 at 02-Nov-2020 07:41:41.559 CET
Begin processing the 10th record. Run 1, Event 146249, LumiSection 882 on stream 12 at 02-Nov-2020 07:41:41.560 CET
Begin processing the 11th record. Run 1, Event 146261, LumiSection 882 on stream 5 at 02-Nov-2020 07:41:41.562 CET
Begin processing the 12th record. Run 1, Event 146260, LumiSection 882 on stream 0 at 02-Nov-2020 07:41:41.563 CET
Begin processing the 13th record. Run 1, Event 146256, LumiSection 882 on stream 13 at 02-Nov-2020 07:41:41.564 CET
Begin processing the 14th record. Run 1, Event 146259, LumiSection 882 on stream 2 at 02-Nov-2020 07:41:41.566 CET
Begin processing the 15th record. Run 1, Event 146258, LumiSection 882 on stream 1 at 02-Nov-2020 07:41:41.567 CET
Begin processing the 16th record. Run 1, Event 146265, LumiSection 882 on stream 8 at 02-Nov-2020 07:41:41.568 CET
Begin processing the 17th record. Run 1, Event 146263, LumiSection 882 on stream 14 at 02-Nov-2020 07:42:39.652 CET
Begin processing the 18th record. Run 1, Event 146264, LumiSection 882 on stream 7 at 02-Nov-2020 07:42:52.754 CET
Begin processing the 19th record. Run 1, Event 146269, LumiSection 882 on stream 4 at 02-Nov-2020 07:43:28.454 CET
Begin processing the 20th record. Run 1, Event 146267, LumiSection 882 on stream 1 at 02-Nov-2020 07:43:31.752 CET
Begin processing the 21st record. Run 1, Event 146262, LumiSection 882 on stream 10 at 02-Nov-2020 07:43:38.150 CET
Begin processing the 22nd record. Run 1, Event 146270, LumiSection 882 on stream 8 at 02-Nov-2020 07:43:40.157 CET
Begin processing the 23rd record. Run 1, Event 146271, LumiSection 882 on stream 9 at 02-Nov-2020 07:43:42.370 CET
Begin processing the 24th record. Run 1, Event 146266, LumiSection 882 on stream 15 at 02-Nov-2020 07:43:42.370 CET
Begin processing the 25th record. Run 1, Event 146272, LumiSection 882 on stream 7 at 02-Nov-2020 07:43:44.720 CET
Begin processing the 26th record. Run 1, Event 146279, LumiSection 882 on stream 14 at 02-Nov-2020 07:43:46.528 CET
Begin processing the 27th record. Run 1, Event 146273, LumiSection 882 on stream 4 at 02-Nov-2020 07:43:46.528 CET
Begin processing the 28th record. Run 1, Event 146276, LumiSection 882 on stream 0 at 02-Nov-2020 07:43:56.334 CET
Begin processing the 29th record. Run 1, Event 146281, LumiSection 882 on stream 6 at 02-Nov-2020 07:44:04.048 CET
Begin processing the 30th record. Run 1, Event 146275, LumiSection 882 on stream 12 at 02-Nov-2020 07:44:06.342 CET
Begin processing the 31st record. Run 1, Event 146277, LumiSection 882 on stream 7 at 02-Nov-2020 07:44:10.542 CET
Begin processing the 32nd record. Run 1, Event 146283, LumiSection 882 on stream 11 at 02-Nov-2020 07:44:13.427 CET
Begin processing the 33rd record. Run 1, Event 146278, LumiSection 882 on stream 5 at 02-Nov-2020 07:44:15.680 CET
Begin processing the 34th record. Run 1, Event 146268, LumiSection 882 on stream 10 at 02-Nov-2020 07:44:17.869 CET
Begin processing the 35th record. Run 1, Event 146282, LumiSection 882 on stream 1 at 02-Nov-2020 07:44:17.869 CET
Begin processing the 36th record. Run 1, Event 146274, LumiSection 882 on stream 2 at 02-Nov-2020 07:44:17.869 CET
Begin processing the 37th record. Run 1, Event 146284, LumiSection 882 on stream 15 at 02-Nov-2020 07:44:17.869 CET
Begin processing the 38th record. Run 1, Event 146280, LumiSection 882 on stream 3 at 02-Nov-2020 07:44:27.366 CET
Begin processing the 39th record. Run 1, Event 146286, LumiSection 882 on stream 8 at 02-Nov-2020 07:44:27.366 CET
Begin processing the 40th record. Run 1, Event 146287, LumiSection 882 on stream 13 at 02-Nov-2020 07:44:27.376 CET
Begin processing the 41st record. Run 1, Event 146288, LumiSection 882 on stream 4 at 02-Nov-2020 07:44:27.384 CET
Begin processing the 42nd record. Run 1, Event 146289, LumiSection 882 on stream 9 at 02-Nov-2020 07:44:27.392 CET
Begin processing the 43rd record. Run 1, Event 146285, LumiSection 882 on stream 14 at 02-Nov-2020 07:44:27.392 CET
Begin processing the 44th record. Run 1, Event 146294, LumiSection 882 on stream 0 at 02-Nov-2020 07:44:27.412 CET
Begin processing the 45th record. Run 1, Event 146295, LumiSection 882 on stream 6 at 02-Nov-2020 07:44:40.127 CET
Begin processing the 46th record. Run 1, Event 146291, LumiSection 882 on stream 12 at 02-Nov-2020 07:44:42.675 CET
Begin processing the 47th record. Run 1, Event 146296, LumiSection 882 on stream 11 at 02-Nov-2020 07:44:42.675 CET
Begin processing the 48th record. Run 1, Event 146293, LumiSection 882 on stream 5 at 02-Nov-2020 07:44:42.687 CET
Begin processing the 49th record. Run 1, Event 146290, LumiSection 882 on stream 7 at 02-Nov-2020 07:44:42.699 CET
Begin processing the 50th record. Run 1, Event 146300, LumiSection 882 on stream 1 at 02-Nov-2020 07:44:42.713 CET
Begin processing the 51st record. Run 1, Event 146301, LumiSection 882 on stream 10 at 02-Nov-2020 07:44:42.727 CET
Begin processing the 52nd record. Run 1, Event 146292, LumiSection 882 on stream 15 at 02-Nov-2020 07:44:42.741 CET
Begin processing the 53rd record. Run 1, Event 146299, LumiSection 882 on stream 2 at 02-Nov-2020 07:44:42.743 CET
Begin processing the 54th record. Run 1, Event 146302, LumiSection 882 on stream 3 at 02-Nov-2020 07:44:42.758 CET
Begin processing the 55th record. Run 1, Event 146303, LumiSection 882 on stream 8 at 02-Nov-2020 07:44:42.777 CET
Begin processing the 56th record. Run 1, Event 146298, LumiSection 882 on stream 13 at 02-Nov-2020 07:44:42.778 CET
Begin processing the 57th record. Run 1, Event 146308, LumiSection 882 on stream 4 at 02-Nov-2020 07:44:42.799 CET
Begin processing the 58th record. Run 1, Event 146297, LumiSection 882 on stream 9 at 02-Nov-2020 07:44:44.890 CET
Begin processing the 59th record. Run 1, Event 146304, LumiSection 882 on stream 14 at 02-Nov-2020 07:45:14.914 CET
Begin processing the 60th record. Run 1, Event 146305, LumiSection 882 on stream 0 at 02-Nov-2020 07:45:14.914 CET
Begin processing the 61st record. Run 1, Event 146307, LumiSection 882 on stream 6 at 02-Nov-2020 07:45:14.919 CET
Begin processing the 62nd record. Run 1, Event 146309, LumiSection 882 on stream 12 at 02-Nov-2020 07:45:14.932 CET
Begin processing the 63rd record. Run 1, Event 146310, LumiSection 882 on stream 11 at 02-Nov-2020 07:45:14.944 CET
Begin processing the 64th record. Run 1, Event 146311, LumiSection 882 on stream 5 at 02-Nov-2020 07:45:14.944 CET
Begin processing the 65th record. Run 1, Event 146306, LumiSection 882 on stream 7 at 02-Nov-2020 07:45:14.951 CET
Begin processing the 66th record. Run 1, Event 146313, LumiSection 882 on stream 1 at 02-Nov-2020 07:45:14.951 CET
Begin processing the 67th record. Run 1, Event 146312, LumiSection 882 on stream 10 at 02-Nov-2020 07:45:14.992 CET
Begin processing the 68th record. Run 1, Event 146316, LumiSection 882 on stream 2 at 02-Nov-2020 07:45:15.004 CET
Begin processing the 69th record. Run 1, Event 146318, LumiSection 882 on stream 3 at 02-Nov-2020 07:45:15.019 CET
Begin processing the 70th record. Run 1, Event 146314, LumiSection 882 on stream 15 at 02-Nov-2020 07:45:15.028 CET
Begin processing the 71st record. Run 1, Event 146321, LumiSection 882 on stream 8 at 02-Nov-2020 07:45:15.042 CET
Begin processing the 72nd record. Run 1, Event 146323, LumiSection 882 on stream 13 at 02-Nov-2020 07:45:25.628 CET
Begin processing the 73rd record. Run 1, Event 146324, LumiSection 882 on stream 4 at 02-Nov-2020 07:45:42.644 CET
Begin processing the 74th record. Run 1, Event 146315, LumiSection 882 on stream 9 at 02-Nov-2020 07:45:42.644 CET
Begin processing the 75th record. Run 1, Event 146320, LumiSection 882 on stream 14 at 02-Nov-2020 07:45:42.671 CET
Begin processing the 76th record. Run 1, Event 146319, LumiSection 882 on stream 0 at 02-Nov-2020 07:45:42.686 CET
Begin processing the 77th record. Run 1, Event 146328, LumiSection 882 on stream 6 at 02-Nov-2020 07:45:44.905 CET
Begin processing the 78th record. Run 1, Event 146317, LumiSection 882 on stream 12 at 02-Nov-2020 07:45:44.905 CET
Begin processing the 79th record. Run 1, Event 146329, LumiSection 882 on stream 11 at 02-Nov-2020 07:45:44.905 CET
Begin processing the 80th record. Run 1, Event 146326, LumiSection 882 on stream 7 at 02-Nov-2020 07:45:44.936 CET
Begin processing the 81st record. Run 1, Event 146325, LumiSection 882 on stream 5 at 02-Nov-2020 07:45:44.954 CET
Begin processing the 82nd record. Run 1, Event 146331, LumiSection 882 on stream 1 at 02-Nov-2020 07:45:44.963 CET
Begin processing the 83rd record. Run 1, Event 146327, LumiSection 882 on stream 10 at 02-Nov-2020 07:45:44.979 CET
Begin processing the 84th record. Run 1, Event 146330, LumiSection 882 on stream 2 at 02-Nov-2020 07:45:44.989 CET
Begin processing the 85th record. Run 1, Event 146334, LumiSection 882 on stream 3 at 02-Nov-2020 07:45:55.111 CET
Begin processing the 86th record. Run 1, Event 146333, LumiSection 882 on stream 15 at 02-Nov-2020 07:45:55.111 CET
Begin processing the 87th record. Run 1, Event 146332, LumiSection 882 on stream 8 at 02-Nov-2020 07:46:11.921 CET
Begin processing the 88th record. Run 1, Event 146339, LumiSection 882 on stream 13 at 02-Nov-2020 07:46:11.921 CET
Begin processing the 89th record. Run 1, Event 146322, LumiSection 882 on stream 4 at 02-Nov-2020 07:46:11.921 CET
Begin processing the 90th record. Run 1, Event 146336, LumiSection 882 on stream 9 at 02-Nov-2020 07:46:11.929 CET
Begin processing the 91st record. Run 1, Event 146342, LumiSection 882 on stream 14 at 02-Nov-2020 07:46:16.099 CET
Begin processing the 92nd record. Run 1, Event 146340, LumiSection 882 on stream 0 at 02-Nov-2020 07:46:16.099 CET
Begin processing the 93rd record. Run 1, Event 146341, LumiSection 882 on stream 6 at 02-Nov-2020 07:46:16.128 CET
Begin processing the 94th record. Run 1, Event 146338, LumiSection 882 on stream 12 at 02-Nov-2020 07:46:16.144 CET
Begin processing the 95th record. Run 1, Event 146335, LumiSection 882 on stream 11 at 02-Nov-2020 07:46:16.154 CET
Begin processing the 96th record. Run 1, Event 146337, LumiSection 882 on stream 7 at 02-Nov-2020 07:46:16.160 CET
Begin processing the 97th record. Run 1, Event 146350, LumiSection 882 on stream 5 at 02-Nov-2020 07:46:16.174 CET
Begin processing the 98th record. Run 1, Event 146344, LumiSection 882 on stream 1 at 02-Nov-2020 07:46:22.304 CET
Begin processing the 99th record. Run 1, Event 146347, LumiSection 882 on stream 10 at 02-Nov-2020 07:46:24.295 CET
Begin processing the 100th record. Run 1, Event 146349, LumiSection 882 on stream 2 at 02-Nov-2020 07:46:39.165 CET
Begin processing the 101st record. Run 1, Event 146351, LumiSection 882 on stream 15 at 02-Nov-2020 07:46:39.165 CET
Begin processing the 102nd record. Run 1, Event 146348, LumiSection 882 on stream 3 at 02-Nov-2020 07:46:39.165 CET
Begin processing the 103rd record. Run 1, Event 146343, LumiSection 882 on stream 8 at 02-Nov-2020 07:46:39.180 CET
Begin processing the 104th record. Run 1, Event 146345, LumiSection 882 on stream 13 at 02-Nov-2020 07:46:43.740 CET
Begin processing the 105th record. Run 1, Event 146346, LumiSection 882 on stream 4 at 02-Nov-2020 07:46:43.740 CET
Begin processing the 106th record. Run 1, Event 146358, LumiSection 882 on stream 9 at 02-Nov-2020 07:46:43.740 CET
Begin processing the 107th record. Run 1, Event 146356, LumiSection 882 on stream 14 at 02-Nov-2020 07:46:43.740 CET
Begin processing the 108th record. Run 1, Event 146352, LumiSection 882 on stream 0 at 02-Nov-2020 07:46:43.791 CET
Begin processing the 109th record. Run 1, Event 146354, LumiSection 882 on stream 6 at 02-Nov-2020 07:46:43.802 CET
Begin processing the 110th record. Run 1, Event 146359, LumiSection 882 on stream 12 at 02-Nov-2020 07:46:43.803 CET
Begin processing the 111th record. Run 1, Event 146355, LumiSection 882 on stream 11 at 02-Nov-2020 07:46:43.822 CET
Begin processing the 112th record. Run 1, Event 146353, LumiSection 882 on stream 7 at 02-Nov-2020 07:46:54.154 CET
Begin processing the 113th record. Run 1, Event 146357, LumiSection 882 on stream 5 at 02-Nov-2020 07:46:54.154 CET
Begin processing the 114th record. Run 1, Event 146362, LumiSection 882 on stream 1 at 02-Nov-2020 07:47:09.461 CET
Begin processing the 115th record. Run 1, Event 146364, LumiSection 882 on stream 2 at 02-Nov-2020 07:47:09.461 CET
Begin processing the 116th record. Run 1, Event 146365, LumiSection 882 on stream 10 at 02-Nov-2020 07:47:09.461 CET
Begin processing the 117th record. Run 1, Event 146360, LumiSection 882 on stream 15 at 02-Nov-2020 07:47:09.478 CET
Begin processing the 118th record. Run 1, Event 146363, LumiSection 882 on stream 8 at 02-Nov-2020 07:47:13.300 CET
Begin processing the 119th record. Run 1, Event 146367, LumiSection 882 on stream 3 at 02-Nov-2020 07:47:13.301 CET
Begin processing the 120th record. Run 1, Event 146366, LumiSection 882 on stream 4 at 02-Nov-2020 07:47:13.301 CET
Begin processing the 121st record. Run 1, Event 146370, LumiSection 882 on stream 13 at 02-Nov-2020 07:47:13.301 CET
Begin processing the 122nd record. Run 1, Event 146371, LumiSection 882 on stream 9 at 02-Nov-2020 07:47:13.301 CET
Begin processing the 123rd record. Run 1, Event 146372, LumiSection 882 on stream 14 at 02-Nov-2020 07:47:13.330 CET
Begin processing the 124th record. Run 1, Event 146368, LumiSection 882 on stream 0 at 02-Nov-2020 07:47:17.647 CET
Begin processing the 125th record. Run 1, Event 146369, LumiSection 882 on stream 6 at 02-Nov-2020 07:47:17.647 CET
Begin processing the 126th record. Run 1, Event 146374, LumiSection 882 on stream 12 at 02-Nov-2020 07:47:19.770 CET
Begin processing the 127th record. Run 1, Event 146361, LumiSection 882 on stream 11 at 02-Nov-2020 07:47:29.323 CET
Begin processing the 128th record. Run 1, Event 146373, LumiSection 882 on stream 7 at 02-Nov-2020 07:47:33.362 CET
FastReport       CPU time      Real time      Allocated    Deallocated  Transition
FastReport       121.6 ms      1156.4 ms          +0 kB          +0 kB  run 1, lumisection 882

FastReport       CPU time      Real time      Allocated    Deallocated  Transition
FastReport      6138.4 ms     84320.0 ms    +1450795 kB    -1184222 kB  Run 1

02-Nov-2020 07:47:48 CET  Closed file root://eoscms.cern.ch//eos/cms/store/mc/Phase2HLTTDRSummer20ReRECOMiniAOD/TT_TuneCP5_14TeV-powheg-pythia8/FEVT/PU200_111X_mcRun4_realistic_T15_v1-v2/280000/FBF7F649-BDF7-4147-922E-5A8B67377742.root

TrigReport ---------- Event  Summary ------------
TrigReport Events total = 128 passed = 128 failed = 0

TrigReport ---------- Path   Summary ------------
TrigReport  Trig Bit#   Executed     Passed     Failed      Error Name
TrigReport     1    1        128        128          0          0 original_v6
TrigReport     1    3        128        128          0          0 validation_original
TrigReport     1    4        128        128          0          0 vertexing

TrigReport -------End-Path   Summary ------------
TrigReport  Trig Bit#   Executed     Passed     Failed      Error Name
TrigReport     0    1        128        128          0          0 DQMoutput_step

TrigReport ---------- Modules in Path: original_v6 ------------
TrigReport  Trig Bit#    Visited     Passed     Failed      Error Name
TrigReport     1    0        128        128          0          0 offlineBeamSpot
TrigReport     1    1        128        128          0          0 siPhase2Clusters
TrigReport     1    2        128        128          0          0 siPixelClusters
TrigReport     1    3        128        128          0          0 siPixelClusterShapeCache
TrigReport     1    4        128        128          0          0 siPixelRecHits
TrigReport     1    5        128        128          0          0 MeasurementTrackerEvent
TrigReport     1    6        128        128          0          0 trackerClusterCheck
TrigReport     1    7        128        128          0          0 hltPhase2PixelTrackFilterByKinematics
TrigReport     1    8        128        128          0          0 hltPhase2PixelFitterByHelixProjections
TrigReport     1    9        128        128          0          0 hltPhase2PixelTracksTrackingRegions
TrigReport     1   10        128        128          0          0 hltPhase2PixelTracksSeedLayers
TrigReport     1   11        128        128          0          0 hltPhase2PixelTracksHitDoublets
TrigReport     1   12        128        128          0          0 hltPhase2PixelTracksHitSeeds
TrigReport     1   13        128        128          0          0 hltPhase2PixelTracks
TrigReport     1   14        128        128          0          0 hltPhase2PixelVertices
TrigReport     1   15        128        128          0          0 hltPhase2PixelTracksCleaner
TrigReport     1   16        128        128          0          0 hltPhase2PixelTripletsCleaner
TrigReport     1   17        128        128          0          0 hltPhase2PixelTripletsSelector
TrigReport     1   18        128        128          0          0 hltPhase2PixelQuadrupletsSelector
TrigReport     1   19        128        128          0          0 hltPhase2PixelTracksMerger
TrigReport     1   20        128        128          0          0 hltPhase2InitialStepSeeds
TrigReport     1   21        128        128          0          0 hltPhase2InitialStepTrackCandidates
TrigReport     1   22        128        128          0          0 hltPhase2InitialStepTracks
TrigReport     1   23        128        128          0          0 hltPhase2InitialStepTrackCutClassifier
TrigReport     1   24        128        128          0          0 hltPhase2InitialStepTracksSelectionHighPurity
TrigReport     1   25        128        128          0          0 hltPhase2HighPtTripletStepClusters
TrigReport     1   26        128        128          0          0 hltPhase2HighPtTripletStepSeedLayers
TrigReport     1   27        128        128          0          0 hltPhase2HighPtTripletStepTrackingRegions
TrigReport     1   28        128        128          0          0 hltPhase2HighPtTripletStepHitDoublets
TrigReport     1   29        128        128          0          0 hltPhase2HighPtTripletStepHitTriplets
TrigReport     1   30        128        128          0          0 hltPhase2HighPtTripletStepSeeds
TrigReport     1   31        128        128          0          0 hltPhase2HighPtTripletStepTrackCandidates
TrigReport     1   32        128        128          0          0 hltPhase2HighPtTripletStepTracks
TrigReport     1   33        128        128          0          0 hltPhase2HighPtTripletStepTrackCutClassifier
TrigReport     1   34        128        128          0          0 hltPhase2HighPtTripletStepTracksSelectionHighPurity
TrigReport     1   35        128        128          0          0 hltPhase2GeneralTracks

TrigReport ---------- Modules in Path: validation_original ------------
TrigReport  Trig Bit#    Visited     Passed     Failed      Error Name
TrigReport     1    0        128        128          0          0 hltPhase2TrackValidatorPixelTrackingOnly
TrigReport     1    1        128        128          0          0 hltPhase2TrackValidatorTrackingOnly
TrigReport     1    2        128        128          0          0 hltPhase2TrackValidatorFromPVStandalone

TrigReport ---------- Modules in Path: vertexing ------------
TrigReport  Trig Bit#    Visited     Passed     Failed      Error Name
TrigReport     1    0        128        128          0          0 bunchSpacingProducer
TrigReport     1    1        128        128          0          0 ecalMultiFitUncalibRecHit
TrigReport     1    2        128        128          0          0 ecalDetIdToBeRecovered
TrigReport     1    3        128        128          0          0 ecalRecHit
TrigReport     1    4        128        128          0          0 hbhereco
TrigReport     1    5        128        128          0          0 hfprereco
TrigReport     1    6        128        128          0          0 hfreco
TrigReport     1    7        128        128          0          0 horeco
TrigReport     1    8        128        128          0          0 hltPhase2UnsortedOfflinePrimaryVertices
TrigReport     1    9        128        128          0          0 hltPhase2TrackWithVertexRefSelectorBeforeSorting
TrigReport     1   10        128        128          0          0 hltPhase2TrackRefsForJetsBeforeSorting
TrigReport     1   11        128        128          0          0 caloTowerForTrk
TrigReport     1   12        128        128          0          0 hltPhase2Ak4CaloJetsForTrk
TrigReport     1   13        128        128          0          0 hltPhase2OfflinePrimaryVertices
TrigReport     1   14        128        128          0          0 hltPhase2OfflinePrimaryVerticesWithBS
TrigReport     1   15        128        128          0          0 hltPhase2InclusiveVertexFinder
TrigReport     1   16        128        128          0          0 hltPhase2VertexMerger
TrigReport     1   17        128        128          0          0 hltPhase2TrackVertexArbitrator
TrigReport     1   18        128        128          0          0 hltPhase2InclusiveSecondaryVertices

TrigReport ------ Modules in End-Path: DQMoutput_step ------------
TrigReport  Trig Bit#    Visited     Passed     Failed      Error Name
TrigReport     0    0        128        128          0          0 DQMoutput

TrigReport ---------- Module Summary ------------
TrigReport    Visited   Executed     Passed     Failed      Error Name
TrigReport        128        128        128          0          0 DQMoutput
TrigReport        128        128        128          0          0 DQMoutput_step
TrigReport        128        128        128          0          0 MeasurementTrackerEvent
TrigReport        128        128        128          0          0 TrackSplitMonitor
TrigReport        128        128        128          0          0 TriggerResults
TrigReport        128        128        128          0          0 bunchSpacingProducer
TrigReport        128        128        128          0          0 caloTowerForTrk
TrigReport        128        128        128          0          0 dqmInfoTracking
TrigReport        128        128        128          0          0 dqm_original
TrigReport        128        128        128          0          0 ecalDetIdToBeRecovered
TrigReport       1664        128        128          0          0 ecalDigis
TrigReport        128        128        128          0          0 ecalMultiFitUncalibRecHit
TrigReport        128        128        128          0          0 ecalRecHit
TrigReport        128        128        128          0          0 hbhereco
TrigReport        768        128        128          0          0 hcalDigis
TrigReport        128        128        128          0          0 hfprereco
TrigReport        128        128        128          0          0 hfreco
TrigReport        128        128        128          0          0 hltPhase2Ak4CaloJetsForTrk
TrigReport        128        128        128          0          0 hltPhase2CutsRecoTracksBtvLike
TrigReport          0          0          0          0          0 hltPhase2CutsRecoTracksFromPVHighPtTripletStep
TrigReport          0          0          0          0          0 hltPhase2CutsRecoTracksFromPVHighPtTripletStepHp
TrigReport          0          0          0          0          0 hltPhase2CutsRecoTracksFromPVHp
TrigReport          0          0          0          0          0 hltPhase2CutsRecoTracksFromPVInitialStep
TrigReport          0          0          0          0          0 hltPhase2CutsRecoTracksFromPVInitialStepHp
TrigReport          0          0          0          0          0 hltPhase2CutsRecoTracksFromPVPt09HighPtTripletStep
TrigReport          0          0          0          0          0 hltPhase2CutsRecoTracksFromPVPt09HighPtTripletStepHp
TrigReport          0          0          0          0          0 hltPhase2CutsRecoTracksFromPVPt09Hp
TrigReport          0          0          0          0          0 hltPhase2CutsRecoTracksFromPVPt09InitialStep
TrigReport          0          0          0          0          0 hltPhase2CutsRecoTracksFromPVPt09InitialStepHp
TrigReport        128        128        128          0          0 hltPhase2CutsRecoTracksHighPtTripletStep
TrigReport        128        128        128          0          0 hltPhase2CutsRecoTracksHighPtTripletStepByAlgoMask
TrigReport        128        128        128          0          0 hltPhase2CutsRecoTracksHighPtTripletStepByAlgoMaskHp
TrigReport        128        128        128          0          0 hltPhase2CutsRecoTracksHighPtTripletStepByOriginalAlgo
TrigReport        128        128        128          0          0 hltPhase2CutsRecoTracksHighPtTripletStepByOriginalAlgoHp
TrigReport        128        128        128          0          0 hltPhase2CutsRecoTracksHighPtTripletStepHp
TrigReport          0          0          0          0          0 hltPhase2CutsRecoTracksHp
TrigReport        128        128        128          0          0 hltPhase2CutsRecoTracksInitialStep
TrigReport        128        128        128          0          0 hltPhase2CutsRecoTracksInitialStepByAlgoMask
TrigReport        128        128        128          0          0 hltPhase2CutsRecoTracksInitialStepByAlgoMaskHp
TrigReport        128        128        128          0          0 hltPhase2CutsRecoTracksInitialStepByOriginalAlgo
TrigReport        128        128        128          0          0 hltPhase2CutsRecoTracksInitialStepByOriginalAlgoHp
TrigReport        128        128        128          0          0 hltPhase2CutsRecoTracksInitialStepHp
TrigReport        128        128        128          0          0 hltPhase2CutsRecoTracksPt09HighPtTripletStep
TrigReport        128        128        128          0          0 hltPhase2CutsRecoTracksPt09HighPtTripletStepHp
TrigReport        128        128        128          0          0 hltPhase2CutsRecoTracksPt09Hp
TrigReport        128        128        128          0          0 hltPhase2CutsRecoTracksPt09InitialStep
TrigReport        128        128        128          0          0 hltPhase2CutsRecoTracksPt09InitialStepHp
TrigReport        128        128        128          0          0 hltPhase2GeneralTracks
TrigReport        128        128        128          0          0 hltPhase2GeneralTracksFromPV
TrigReport          0          0          0          0          0 hltPhase2GeneralTracksFromPVPt09
TrigReport        128        128        128          0          0 hltPhase2GeneralTracksPt09
TrigReport        128        128        128          0          0 hltPhase2HighPtTripletStepClusters
TrigReport        128        128        128          0          0 hltPhase2HighPtTripletStepHitDoublets
TrigReport        128        128        128          0          0 hltPhase2HighPtTripletStepHitTriplets
TrigReport        128        128        128          0          0 hltPhase2HighPtTripletStepSeedLayers
TrigReport        128        128        128          0          0 hltPhase2HighPtTripletStepSeeds
TrigReport        128        128        128          0          0 hltPhase2HighPtTripletStepTrackCandidates
TrigReport        128        128        128          0          0 hltPhase2HighPtTripletStepTrackCutClassifier
TrigReport        128        128        128          0          0 hltPhase2HighPtTripletStepTrackingRegions
TrigReport        128        128        128          0          0 hltPhase2HighPtTripletStepTracks
TrigReport        128        128        128          0          0 hltPhase2HighPtTripletStepTracksSelectionHighPurity
TrigReport        128        128        128          0          0 hltPhase2HighPurityPV0p1
TrigReport        128        128        128          0          0 hltPhase2HighPurityPt1
TrigReport        128        128        128          0          0 hltPhase2HighPurityPtRange0to1
TrigReport        128        128        128          0          0 hltPhase2InclusiveSecondaryVertices
TrigReport        128        128        128          0          0 hltPhase2InclusiveVertexFinder
TrigReport        128        128        128          0          0 hltPhase2InitialStepSeeds
TrigReport        128        128        128          0          0 hltPhase2InitialStepTrackCandidates
TrigReport        128        128        128          0          0 hltPhase2InitialStepTrackCutClassifier
TrigReport        128        128        128          0          0 hltPhase2InitialStepTracks
TrigReport        128        128        128          0          0 hltPhase2InitialStepTracksSelectionHighPurity
TrigReport        128        128        128          0          0 hltPhase2OfflinePrimaryVertices
TrigReport        128        128        128          0          0 hltPhase2OfflinePrimaryVerticesWithBS
TrigReport        128        128        128          0          0 hltPhase2PV0p1
TrigReport        128        128        128          0          0 hltPhase2PixelFitterByHelixProjections
TrigReport        128        128        128          0          0 hltPhase2PixelQuadrupletsSelector
TrigReport        128        128        128          0          0 hltPhase2PixelTrackFilterByKinematics
TrigReport        128        128        128          0          0 hltPhase2PixelTracks
TrigReport        128        128        128          0          0 hltPhase2PixelTracksCleaner
TrigReport        128        128        128          0          0 hltPhase2PixelTracksHitDoublets
TrigReport        128        128        128          0          0 hltPhase2PixelTracksHitSeeds
TrigReport        128        128        128          0          0 hltPhase2PixelTracksMerger
TrigReport        128        128        128          0          0 hltPhase2PixelTracksSeedLayers
TrigReport        128        128        128          0          0 hltPhase2PixelTracksTrackingRegions
TrigReport        128        128        128          0          0 hltPhase2PixelTripletsCleaner
TrigReport        128        128        128          0          0 hltPhase2PixelTripletsSelector
TrigReport        128        128        128          0          0 hltPhase2PixelVertexAnalysisTrackingOnly
TrigReport        128        128        128          0          0 hltPhase2PixelVertexAssociatorByPositionAndTracks
TrigReport        128        128        128          0          0 hltPhase2PixelVertices
TrigReport        128        128        128          0          0 hltPhase2PrimaryVertexResolution
TrigReport        128        128        128          0          0 hltPhase2PvMonitor
TrigReport          0          0          0          0          0 hltPhase2SeedTrackshighPtTripletStepSeeds
TrigReport          0          0          0          0          0 hltPhase2SeedTracksinitialStepSeeds
TrigReport        128        128        128          0          0 hltPhase2SelectedPixelVertices
TrigReport        128        128        128          0          0 hltPhase2TrackMon_ckf
TrigReport        128        128        128          0          0 hltPhase2TrackRefsForJetsBeforeSorting
TrigReport        128        128        128          0          0 hltPhase2TrackSeedMonhighPtTripletStep
TrigReport        128        128        128          0          0 hltPhase2TrackSeedMoninitialStep
TrigReport        128        128        128          0          0 hltPhase2TrackValidatorFromPVStandalone
TrigReport        128        128        128          0          0 hltPhase2TrackValidatorPixelTrackingOnly
TrigReport        128        128        128          0          0 hltPhase2TrackValidatorTrackingOnly
TrigReport        128        128        128          0          0 hltPhase2TrackVertexArbitrator
TrigReport        128        128        128          0          0 hltPhase2TrackWithVertexRefSelectorBeforeSorting
TrigReport        128        128        128          0          0 hltPhase2TrackerCollisionSelectedTrackMonCommongeneralTracks
TrigReport        128        128        128          0          0 hltPhase2TrackerCollisionSelectedTrackMonCommonhighPurityPV0p1
TrigReport        128        128        128          0          0 hltPhase2TrackerCollisionSelectedTrackMonCommonhighPurityPt1
TrigReport        128        128        128          0          0 hltPhase2TrackerCollisionSelectedTrackMonCommonhighPurityPtRange0to1
TrigReport        128        128        128          0          0 hltPhase2TrackingDQMgoodOfflinePrimaryVertices
TrigReport          0          0          0          0          0 hltPhase2TrackingDQMgoodPixelVertices
TrigReport        256        128        128          0          0 hltPhase2TrackingParticlePixelTrackAsssociation
TrigReport        256        128        128          0          0 hltPhase2TrackingParticleRecoTrackAsssociation
TrigReport          0          0          0          0          0 hltPhase2TrackingParticlesElectron
TrigReport        128        128        128          0          0 hltPhase2TrackingParticlesSignal
TrigReport        128        128        128          0          0 hltPhase2UnsortedOfflinePrimaryVertices
TrigReport        128        128        128          0          0 hltPhase2V0Validator
TrigReport        128        128        128          0          0 hltPhase2VertexAssociatorByPositionAndTracks
TrigReport        128        128        128          0          0 hltPhase2VertexMerger
TrigReport        128        128        128          0          0 horeco
TrigReport          0          0          0          0          0 muonCSCDigis
TrigReport          0          0          0          0          0 muonDTDigis
TrigReport          0          0          0          0          0 muonGEMDigis
TrigReport          0          0          0          0          0 muonRPCDigis
TrigReport        128        128        128          0          0 offlineBeamSpot
TrigReport        128        128        128          0          0 original_v6
TrigReport        128        128        128          0          0 prevalidation_original
TrigReport        128        128        128          0          0 quickTrackAssociatorByHits
TrigReport        128        128        128          0          0 raw2digi_step
TrigReport        256        128        128          0          0 scalersRawToDigi
TrigReport        128        128        128          0          0 siPhase2Clusters
TrigReport        128        128        128          0          0 siPixelClusterShapeCache
TrigReport        128        128        128          0          0 siPixelClusters
TrigReport        128        128        128          0          0 siPixelRecHits
TrigReport        128        128        128          0          0 simHitTPAssocProducer
TrigReport        128        128        128          0          0 tpClusterProducer
TrigReport        128        128        128          0          0 trackerClusterCheck
TrigReport        384        128        128          0          0 trackingParticleNumberOfLayersProducer
TrigReport          0          0          0          0          0 trackingParticlesBHadron
TrigReport          0          0          0          0          0 trackingParticlesConversion
TrigReport        128        128        128          0          0 validation_original
TrigReport        128        128        128          0          0 vertexing

TimeReport ---------- Event  Summary ---[sec]----
TimeReport       event loop CPU/event = 23.750889
TimeReport      event loop Real/event = 2.991680
TimeReport     sum Streams Real/event = 34.387174
TimeReport efficiency CPU/Real/thread = 0.496186

TimeReport ---------- Path   Summary ---[Real sec]----
TimeReport  per event     per exec  Name
TimeReport   0.000000     0.000000  raw2digi_step
TimeReport  27.748962    27.748962  original_v6
TimeReport   0.000000     0.000000  prevalidation_original
TimeReport  27.710253    27.710253  validation_original
TimeReport  27.434963    27.434963  vertexing
TimeReport  per event     per exec  Name

TimeReport -------End-Path   Summary ---[Real sec]----
TimeReport  per event     per exec  Name
TimeReport   0.000000     0.000000  dqm_original
TimeReport   1.145279     1.145279  DQMoutput_step
TimeReport  per event     per exec  Name

TimeReport ---------- Modules in Path: raw2digi_step ---[Real sec]----
TimeReport  per event    per visit  Name

TimeReport ---------- Modules in Path: original_v6 ---[Real sec]----
TimeReport  per event    per visit  Name
TimeReport   0.137124     0.137124  offlineBeamSpot
TimeReport   0.014144     0.014144  siPhase2Clusters
TimeReport   0.103290     0.103290  siPixelClusters
TimeReport   0.049199     0.049199  siPixelClusterShapeCache
TimeReport   0.116729     0.116729  siPixelRecHits
TimeReport   0.011301     0.011301  MeasurementTrackerEvent
TimeReport   0.000012     0.000012  trackerClusterCheck
TimeReport   0.000012     0.000012  hltPhase2PixelTrackFilterByKinematics
TimeReport   0.113836     0.113836  hltPhase2PixelFitterByHelixProjections
TimeReport   0.000012     0.000012  hltPhase2PixelTracksTrackingRegions
TimeReport   0.001324     0.001324  hltPhase2PixelTracksSeedLayers
TimeReport   0.092607     0.092607  hltPhase2PixelTracksHitDoublets
TimeReport   0.313129     0.313129  hltPhase2PixelTracksHitSeeds
TimeReport   0.528924     0.528924  hltPhase2PixelTracks
TimeReport   0.005702     0.005702  hltPhase2PixelVertices
TimeReport   0.005157     0.005157  hltPhase2PixelTracksCleaner
TimeReport   0.003189     0.003189  hltPhase2PixelTripletsCleaner
TimeReport   0.003484     0.003484  hltPhase2PixelTripletsSelector
TimeReport   0.003156     0.003156  hltPhase2PixelQuadrupletsSelector
TimeReport   0.025521     0.025521  hltPhase2PixelTracksMerger
TimeReport   0.026331     0.026331  hltPhase2InitialStepSeeds
TimeReport   0.365047     0.365047  hltPhase2InitialStepTrackCandidates
TimeReport   2.205799     2.205799  hltPhase2InitialStepTracks
TimeReport   0.002405     0.002405  hltPhase2InitialStepTrackCutClassifier
TimeReport   0.004041     0.004041  hltPhase2InitialStepTracksSelectionHighPurity
TimeReport   0.000558     0.000558  hltPhase2HighPtTripletStepClusters
TimeReport   0.004354     0.004354  hltPhase2HighPtTripletStepSeedLayers
TimeReport   0.000022     0.000022  hltPhase2HighPtTripletStepTrackingRegions
TimeReport   0.115579     0.115579  hltPhase2HighPtTripletStepHitDoublets
TimeReport   0.552025     0.552025  hltPhase2HighPtTripletStepHitTriplets
TimeReport   0.137017     0.137017  hltPhase2HighPtTripletStepSeeds
TimeReport   0.850992     0.850992  hltPhase2HighPtTripletStepTrackCandidates
TimeReport   0.237147     0.237147  hltPhase2HighPtTripletStepTracks
TimeReport   0.002177     0.002177  hltPhase2HighPtTripletStepTrackCutClassifier
TimeReport   0.001993     0.001993  hltPhase2HighPtTripletStepTracksSelectionHighPurity
TimeReport   0.045450     0.045450  hltPhase2GeneralTracks

TimeReport ---------- Modules in Path: prevalidation_original ---[Real sec]----
TimeReport  per event    per visit  Name

TimeReport ---------- Modules in Path: validation_original ---[Real sec]----
TimeReport  per event    per visit  Name
TimeReport   0.205749     0.205749  hltPhase2TrackValidatorPixelTrackingOnly
TimeReport   0.736754     0.736754  hltPhase2TrackValidatorTrackingOnly
TimeReport   0.007300     0.007300  hltPhase2TrackValidatorFromPVStandalone

TimeReport ---------- Modules in Path: vertexing ---[Real sec]----
TimeReport  per event    per visit  Name
TimeReport   0.000034     0.000034  bunchSpacingProducer
TimeReport   0.240318     0.240318  ecalMultiFitUncalibRecHit
TimeReport   0.000278     0.000278  ecalDetIdToBeRecovered
TimeReport   0.175673     0.175673  ecalRecHit
TimeReport   0.099913     0.099913  hbhereco
TimeReport   0.004201     0.004201  hfprereco
TimeReport   0.003622     0.003622  hfreco
TimeReport   0.001423     0.001423  horeco
TimeReport   0.276828     0.276828  hltPhase2UnsortedOfflinePrimaryVertices
TimeReport   0.002147     0.002147  hltPhase2TrackWithVertexRefSelectorBeforeSorting
TimeReport   0.001885     0.001885  hltPhase2TrackRefsForJetsBeforeSorting
TimeReport   0.007089     0.007089  caloTowerForTrk
TimeReport   0.005218     0.005218  hltPhase2Ak4CaloJetsForTrk
TimeReport   0.023667     0.023667  hltPhase2OfflinePrimaryVertices
TimeReport   0.020957     0.020957  hltPhase2OfflinePrimaryVerticesWithBS
TimeReport   0.106298     0.106298  hltPhase2InclusiveVertexFinder
TimeReport   0.009215     0.009215  hltPhase2VertexMerger
TimeReport   0.109520     0.109520  hltPhase2TrackVertexArbitrator
TimeReport   0.000090     0.000090  hltPhase2InclusiveSecondaryVertices
TimeReport  per event    per visit  Name

TimeReport ------ Modules in End-Path: dqm_original ---[Real sec]----
TimeReport  per event    per visit  Name

TimeReport ------ Modules in End-Path: DQMoutput_step ---[Real sec]----
TimeReport  per event    per visit  Name
TimeReport   0.000001     0.000001  DQMoutput
TimeReport  per event    per visit  Name

TimeReport ---------- Module Summary ---[Real sec]----
TimeReport  per event     per exec    per visit  Name
TimeReport   0.000001     0.000001     0.000001  DQMoutput
TimeReport   0.000009     0.000009     0.000009  DQMoutput_step
TimeReport   0.011301     0.011301     0.011301  MeasurementTrackerEvent
TimeReport   0.255198     0.255198     0.255198  TrackSplitMonitor
TimeReport   0.000009     0.000009     0.000009  TriggerResults
TimeReport   0.000034     0.000034     0.000034  bunchSpacingProducer
TimeReport   0.007089     0.007089     0.007089  caloTowerForTrk
TimeReport   0.000079     0.000079     0.000079  dqmInfoTracking
TimeReport   0.000004     0.000004     0.000004  dqm_original
TimeReport   0.000278     0.000278     0.000278  ecalDetIdToBeRecovered
TimeReport   0.012400     0.012400     0.012400  ecalDigis
TimeReport   0.240318     0.240318     0.240318  ecalMultiFitUncalibRecHit
TimeReport   0.175673     0.175673     0.175673  ecalRecHit
TimeReport   0.099913     0.099913     0.099913  hbhereco
TimeReport   0.005356     0.005356     0.005356  hcalDigis
TimeReport   0.004201     0.004201     0.004201  hfprereco
TimeReport   0.003622     0.003622     0.003622  hfreco
TimeReport   0.005218     0.005218     0.005218  hltPhase2Ak4CaloJetsForTrk
TimeReport   0.003480     0.003480     0.003480  hltPhase2CutsRecoTracksBtvLike
TimeReport   0.000000     0.000000     0.000000  hltPhase2CutsRecoTracksFromPVHighPtTripletStep
TimeReport   0.000000     0.000000     0.000000  hltPhase2CutsRecoTracksFromPVHighPtTripletStepHp
TimeReport   0.000000     0.000000     0.000000  hltPhase2CutsRecoTracksFromPVHp
TimeReport   0.000000     0.000000     0.000000  hltPhase2CutsRecoTracksFromPVInitialStep
TimeReport   0.000000     0.000000     0.000000  hltPhase2CutsRecoTracksFromPVInitialStepHp
TimeReport   0.000000     0.000000     0.000000  hltPhase2CutsRecoTracksFromPVPt09HighPtTripletStep
TimeReport   0.000000     0.000000     0.000000  hltPhase2CutsRecoTracksFromPVPt09HighPtTripletStepHp
TimeReport   0.000000     0.000000     0.000000  hltPhase2CutsRecoTracksFromPVPt09Hp
TimeReport   0.000000     0.000000     0.000000  hltPhase2CutsRecoTracksFromPVPt09InitialStep
TimeReport   0.000000     0.000000     0.000000  hltPhase2CutsRecoTracksFromPVPt09InitialStepHp
TimeReport   0.001185     0.001185     0.001185  hltPhase2CutsRecoTracksHighPtTripletStep
TimeReport   0.001560     0.001560     0.001560  hltPhase2CutsRecoTracksHighPtTripletStepByAlgoMask
TimeReport   0.001750     0.001750     0.001750  hltPhase2CutsRecoTracksHighPtTripletStepByAlgoMaskHp
TimeReport   0.001567     0.001567     0.001567  hltPhase2CutsRecoTracksHighPtTripletStepByOriginalAlgo
TimeReport   0.000542     0.000542     0.000542  hltPhase2CutsRecoTracksHighPtTripletStepByOriginalAlgoHp
TimeReport   0.001344     0.001344     0.001344  hltPhase2CutsRecoTracksHighPtTripletStepHp
TimeReport   0.000000     0.000000     0.000000  hltPhase2CutsRecoTracksHp
TimeReport   0.002485     0.002485     0.002485  hltPhase2CutsRecoTracksInitialStep
TimeReport   0.002608     0.002608     0.002608  hltPhase2CutsRecoTracksInitialStepByAlgoMask
TimeReport   0.002771     0.002771     0.002771  hltPhase2CutsRecoTracksInitialStepByAlgoMaskHp
TimeReport   0.002808     0.002808     0.002808  hltPhase2CutsRecoTracksInitialStepByOriginalAlgo
TimeReport   0.002936     0.002936     0.002936  hltPhase2CutsRecoTracksInitialStepByOriginalAlgoHp
TimeReport   0.002388     0.002388     0.002388  hltPhase2CutsRecoTracksInitialStepHp
TimeReport   0.002008     0.002008     0.002008  hltPhase2CutsRecoTracksPt09HighPtTripletStep
TimeReport   0.002104     0.002104     0.002104  hltPhase2CutsRecoTracksPt09HighPtTripletStepHp
TimeReport   0.003624     0.003624     0.003624  hltPhase2CutsRecoTracksPt09Hp
TimeReport   0.003195     0.003195     0.003195  hltPhase2CutsRecoTracksPt09InitialStep
TimeReport   0.003324     0.003324     0.003324  hltPhase2CutsRecoTracksPt09InitialStepHp
TimeReport   0.045450     0.045450     0.045450  hltPhase2GeneralTracks
TimeReport   0.002217     0.002217     0.002217  hltPhase2GeneralTracksFromPV
TimeReport   0.000000     0.000000     0.000000  hltPhase2GeneralTracksFromPVPt09
TimeReport   0.003644     0.003644     0.003644  hltPhase2GeneralTracksPt09
TimeReport   0.000558     0.000558     0.000558  hltPhase2HighPtTripletStepClusters
TimeReport   0.115579     0.115579     0.115579  hltPhase2HighPtTripletStepHitDoublets
TimeReport   0.552025     0.552025     0.552025  hltPhase2HighPtTripletStepHitTriplets
TimeReport   0.004354     0.004354     0.004354  hltPhase2HighPtTripletStepSeedLayers
TimeReport   0.137017     0.137017     0.137017  hltPhase2HighPtTripletStepSeeds
TimeReport   0.850992     0.850992     0.850992  hltPhase2HighPtTripletStepTrackCandidates
TimeReport   0.002177     0.002177     0.002177  hltPhase2HighPtTripletStepTrackCutClassifier
TimeReport   0.000022     0.000022     0.000022  hltPhase2HighPtTripletStepTrackingRegions
TimeReport   0.237147     0.237147     0.237147  hltPhase2HighPtTripletStepTracks
TimeReport   0.001993     0.001993     0.001993  hltPhase2HighPtTripletStepTracksSelectionHighPurity
TimeReport   0.001162     0.001162     0.001162  hltPhase2HighPurityPV0p1
TimeReport   0.001460     0.001460     0.001460  hltPhase2HighPurityPt1
TimeReport   0.001419     0.001419     0.001419  hltPhase2HighPurityPtRange0to1
TimeReport   0.000090     0.000090     0.000090  hltPhase2InclusiveSecondaryVertices
TimeReport   0.106298     0.106298     0.106298  hltPhase2InclusiveVertexFinder
TimeReport   0.026331     0.026331     0.026331  hltPhase2InitialStepSeeds
TimeReport   0.365047     0.365047     0.365047  hltPhase2InitialStepTrackCandidates
TimeReport   0.002405     0.002405     0.002405  hltPhase2InitialStepTrackCutClassifier
TimeReport   2.205799     2.205799     2.205799  hltPhase2InitialStepTracks
TimeReport   0.004041     0.004041     0.004041  hltPhase2InitialStepTracksSelectionHighPurity
TimeReport   0.023667     0.023667     0.023667  hltPhase2OfflinePrimaryVertices
TimeReport   0.020957     0.020957     0.020957  hltPhase2OfflinePrimaryVerticesWithBS
TimeReport   0.000840     0.000840     0.000840  hltPhase2PV0p1
TimeReport   0.113836     0.113836     0.113836  hltPhase2PixelFitterByHelixProjections
TimeReport   0.003156     0.003156     0.003156  hltPhase2PixelQuadrupletsSelector
TimeReport   0.000012     0.000012     0.000012  hltPhase2PixelTrackFilterByKinematics
TimeReport   0.528924     0.528924     0.528924  hltPhase2PixelTracks
TimeReport   0.005157     0.005157     0.005157  hltPhase2PixelTracksCleaner
TimeReport   0.092607     0.092607     0.092607  hltPhase2PixelTracksHitDoublets
TimeReport   0.313129     0.313129     0.313129  hltPhase2PixelTracksHitSeeds
TimeReport   0.025521     0.025521     0.025521  hltPhase2PixelTracksMerger
TimeReport   0.001324     0.001324     0.001324  hltPhase2PixelTracksSeedLayers
TimeReport   0.000012     0.000012     0.000012  hltPhase2PixelTracksTrackingRegions
TimeReport   0.003189     0.003189     0.003189  hltPhase2PixelTripletsCleaner
TimeReport   0.003484     0.003484     0.003484  hltPhase2PixelTripletsSelector
TimeReport   0.054785     0.054785     0.054785  hltPhase2PixelVertexAnalysisTrackingOnly
TimeReport   0.000015     0.000015     0.000015  hltPhase2PixelVertexAssociatorByPositionAndTracks
TimeReport   0.005702     0.005702     0.005702  hltPhase2PixelVertices
TimeReport   0.075166     0.075166     0.075166  hltPhase2PrimaryVertexResolution
TimeReport   0.000886     0.000886     0.000886  hltPhase2PvMonitor
TimeReport   0.000000     0.000000     0.000000  hltPhase2SeedTrackshighPtTripletStepSeeds
TimeReport   0.000000     0.000000     0.000000  hltPhase2SeedTracksinitialStepSeeds
TimeReport   0.000157     0.000157     0.000157  hltPhase2SelectedPixelVertices
TimeReport   0.048244     0.048244     0.048244  hltPhase2TrackMon_ckf
TimeReport   0.001885     0.001885     0.001885  hltPhase2TrackRefsForJetsBeforeSorting
TimeReport   0.069763     0.069763     0.069763  hltPhase2TrackSeedMonhighPtTripletStep
TimeReport   0.016258     0.016258     0.016258  hltPhase2TrackSeedMoninitialStep
TimeReport   0.007300     0.007300     0.007300  hltPhase2TrackValidatorFromPVStandalone
TimeReport   0.205749     0.205749     0.205749  hltPhase2TrackValidatorPixelTrackingOnly
TimeReport   0.736754     0.736754     0.736754  hltPhase2TrackValidatorTrackingOnly
TimeReport   0.109520     0.109520     0.109520  hltPhase2TrackVertexArbitrator
TimeReport   0.002147     0.002147     0.002147  hltPhase2TrackWithVertexRefSelectorBeforeSorting
TimeReport   9.464730     9.464730     9.464730  hltPhase2TrackerCollisionSelectedTrackMonCommongeneralTracks
TimeReport   0.032583     0.032583     0.032583  hltPhase2TrackerCollisionSelectedTrackMonCommonhighPurityPV0p1
TimeReport   4.546284     4.546284     4.546284  hltPhase2TrackerCollisionSelectedTrackMonCommonhighPurityPt1
TimeReport   0.096749     0.096749     0.096749  hltPhase2TrackerCollisionSelectedTrackMonCommonhighPurityPtRange0to1
TimeReport   0.001420     0.001420     0.001420  hltPhase2TrackingDQMgoodOfflinePrimaryVertices
TimeReport   0.000000     0.000000     0.000000  hltPhase2TrackingDQMgoodPixelVertices
TimeReport   0.036209     0.036209     0.036209  hltPhase2TrackingParticlePixelTrackAsssociation
TimeReport   0.048801     0.048801     0.048801  hltPhase2TrackingParticleRecoTrackAsssociation
TimeReport   0.000000     0.000000     0.000000  hltPhase2TrackingParticlesElectron
TimeReport   0.630288     0.630288     0.630288  hltPhase2TrackingParticlesSignal
TimeReport   0.276828     0.276828     0.276828  hltPhase2UnsortedOfflinePrimaryVertices
TimeReport   0.007732     0.007732     0.007732  hltPhase2V0Validator
TimeReport   0.000013     0.000013     0.000013  hltPhase2VertexAssociatorByPositionAndTracks
TimeReport   0.009215     0.009215     0.009215  hltPhase2VertexMerger
TimeReport   0.001423     0.001423     0.001423  horeco
TimeReport   0.000000     0.000000     0.000000  muonCSCDigis
TimeReport   0.000000     0.000000     0.000000  muonDTDigis
TimeReport   0.000000     0.000000     0.000000  muonGEMDigis
TimeReport   0.000000     0.000000     0.000000  muonRPCDigis
TimeReport   0.137124     0.137124     0.137124  offlineBeamSpot
TimeReport   0.000015     0.000015     0.000015  original_v6
TimeReport   0.000005     0.000005     0.000005  prevalidation_original
TimeReport   0.000021     0.000021     0.000021  quickTrackAssociatorByHits
TimeReport   0.000017     0.000017     0.000017  raw2digi_step
TimeReport   0.000069     0.000069     0.000069  scalersRawToDigi
TimeReport   0.014144     0.014144     0.014144  siPhase2Clusters
TimeReport   0.049199     0.049199     0.049199  siPixelClusterShapeCache
TimeReport   0.103290     0.103290     0.103290  siPixelClusters
TimeReport   0.116729     0.116729     0.116729  siPixelRecHits
TimeReport   0.150469     0.150469     0.150469  simHitTPAssocProducer
TimeReport   0.947268     0.947268     0.947268  tpClusterProducer
TimeReport   0.000012     0.000012     0.000012  trackerClusterCheck
TimeReport   0.339725     0.339725     0.339725  trackingParticleNumberOfLayersProducer
TimeReport   0.000000     0.000000     0.000000  trackingParticlesBHadron
TimeReport   0.000000     0.000000     0.000000  trackingParticlesConversion
TimeReport   0.000009     0.000009     0.000009  validation_original
TimeReport   0.000008     0.000008     0.000008  vertexing
TimeReport  per event     per exec    per visit  Name

T---Report end!

FastReport ---------------------------- Job Summary ----------------------------
FastReport   CPU time avg.      when run  Real time avg.      when run     Alloc. avg.      when run   Dealloc. avg.      when run  Modules
FastReport         0.3 ms         0.3 ms        19.0 ms        19.0 ms        +645 kB        +645 kB        -164 kB        -164 kB  source
FastReport     21649.9 ms                    25010.7 ms                   +9338957 kB                   -9154302 kB                 process RECO2
FastReport        37.4 ms        37.4 ms       255.2 ms       255.2 ms       +6071 kB       +6071 kB       -5398 kB       -5398 kB    TrackSplitMonitor
FastReport         0.1 ms         0.1 ms         0.1 ms         0.1 ms          +0 kB          +0 kB          +0 kB          +0 kB    dqmInfoTracking
FastReport        12.4 ms        12.4 ms        12.4 ms        12.4 ms       +2729 kB       +2729 kB       -1823 kB       -1823 kB    ecalDigis
FastReport         5.3 ms         5.3 ms         5.4 ms         5.4 ms       +2804 kB       +2804 kB       -2380 kB       -2380 kB    hcalDigis
FastReport         3.5 ms         3.5 ms         3.5 ms         3.5 ms        +375 kB        +375 kB        -299 kB        -299 kB    hltPhase2CutsRecoTracksBtvLike
FastReport         0.0 ms         0.0 ms         0.0 ms         0.0 ms          +0 kB          +0 kB          +0 kB          +0 kB    hltPhase2CutsRecoTracksFromPVHighPtTripletStep
FastReport         0.0 ms         0.0 ms         0.0 ms         0.0 ms          +0 kB          +0 kB          +0 kB          +0 kB    hltPhase2CutsRecoTracksFromPVHighPtTripletStepHp
FastReport         0.0 ms         0.0 ms         0.0 ms         0.0 ms          +0 kB          +0 kB          +0 kB          +0 kB    hltPhase2CutsRecoTracksFromPVHp
FastReport         0.0 ms         0.0 ms         0.0 ms         0.0 ms          +0 kB          +0 kB          +0 kB          +0 kB    hltPhase2CutsRecoTracksFromPVInitialStep
FastReport         0.0 ms         0.0 ms         0.0 ms         0.0 ms          +0 kB          +0 kB          +0 kB          +0 kB    hltPhase2CutsRecoTracksFromPVInitialStepHp
FastReport         0.0 ms         0.0 ms         0.0 ms         0.0 ms          +0 kB          +0 kB          +0 kB          +0 kB    hltPhase2CutsRecoTracksFromPVPt09HighPtTripletStep
FastReport         0.0 ms         0.0 ms         0.0 ms         0.0 ms          +0 kB          +0 kB          +0 kB          +0 kB    hltPhase2CutsRecoTracksFromPVPt09HighPtTripletStepHp
FastReport         0.0 ms         0.0 ms         0.0 ms         0.0 ms          +0 kB          +0 kB          +0 kB          +0 kB    hltPhase2CutsRecoTracksFromPVPt09Hp
FastReport         0.0 ms         0.0 ms         0.0 ms         0.0 ms          +0 kB          +0 kB          +0 kB          +0 kB    hltPhase2CutsRecoTracksFromPVPt09InitialStep
FastReport         0.0 ms         0.0 ms         0.0 ms         0.0 ms          +0 kB          +0 kB          +0 kB          +0 kB    hltPhase2CutsRecoTracksFromPVPt09InitialStepHp
FastReport         1.2 ms         1.2 ms         1.2 ms         1.2 ms        +229 kB        +229 kB        -169 kB        -169 kB    hltPhase2CutsRecoTracksHighPtTripletStep
FastReport         1.5 ms         1.5 ms         1.6 ms         1.6 ms        +229 kB        +229 kB        -169 kB        -169 kB    hltPhase2CutsRecoTracksHighPtTripletStepByAlgoMask
FastReport         1.7 ms         1.7 ms         1.8 ms         1.8 ms        +229 kB        +229 kB        -169 kB        -169 kB    hltPhase2CutsRecoTracksHighPtTripletStepByAlgoMaskHp
FastReport         1.6 ms         1.6 ms         1.6 ms         1.6 ms        +229 kB        +229 kB        -169 kB        -169 kB    hltPhase2CutsRecoTracksHighPtTripletStepByOriginalAlgo
FastReport         0.5 ms         0.5 ms         0.5 ms         0.5 ms        +159 kB        +159 kB        -108 kB        -108 kB    hltPhase2CutsRecoTracksHighPtTripletStepByOriginalAlgoHp
FastReport         1.3 ms         1.3 ms         1.3 ms         1.3 ms        +229 kB        +229 kB        -169 kB        -169 kB    hltPhase2CutsRecoTracksHighPtTripletStepHp
FastReport         0.0 ms         0.0 ms         0.0 ms         0.0 ms          +0 kB          +0 kB          +0 kB          +0 kB    hltPhase2CutsRecoTracksHp
FastReport         2.5 ms         2.5 ms         2.5 ms         2.5 ms        +352 kB        +352 kB        -278 kB        -278 kB    hltPhase2CutsRecoTracksInitialStep
FastReport         2.6 ms         2.6 ms         2.6 ms         2.6 ms        +352 kB        +352 kB        -278 kB        -278 kB    hltPhase2CutsRecoTracksInitialStepByAlgoMask
FastReport         2.8 ms         2.8 ms         2.8 ms         2.8 ms        +352 kB        +352 kB        -278 kB        -278 kB    hltPhase2CutsRecoTracksInitialStepByAlgoMaskHp
FastReport         2.8 ms         2.8 ms         2.8 ms         2.8 ms        +352 kB        +352 kB        -278 kB        -278 kB    hltPhase2CutsRecoTracksInitialStepByOriginalAlgo
FastReport         2.9 ms         2.9 ms         2.9 ms         2.9 ms        +352 kB        +352 kB        -278 kB        -278 kB    hltPhase2CutsRecoTracksInitialStepByOriginalAlgoHp
FastReport         2.4 ms         2.4 ms         2.4 ms         2.4 ms        +352 kB        +352 kB        -278 kB        -278 kB    hltPhase2CutsRecoTracksInitialStepHp
FastReport         2.0 ms         2.0 ms         2.0 ms         2.0 ms        +369 kB        +369 kB        -309 kB        -309 kB    hltPhase2CutsRecoTracksPt09HighPtTripletStep
FastReport         2.1 ms         2.1 ms         2.1 ms         2.1 ms        +369 kB        +369 kB        -309 kB        -309 kB    hltPhase2CutsRecoTracksPt09HighPtTripletStepHp
FastReport         3.6 ms         3.6 ms         3.6 ms         3.6 ms        +550 kB        +550 kB        -469 kB        -469 kB    hltPhase2CutsRecoTracksPt09Hp
FastReport         3.2 ms         3.2 ms         3.2 ms         3.2 ms        +492 kB        +492 kB        -418 kB        -418 kB    hltPhase2CutsRecoTracksPt09InitialStep
FastReport         3.3 ms         3.3 ms         3.3 ms         3.3 ms        +492 kB        +492 kB        -418 kB        -418 kB    hltPhase2CutsRecoTracksPt09InitialStepHp
FastReport         2.2 ms         2.2 ms         2.2 ms         2.2 ms        +189 kB        +189 kB        -188 kB        -188 kB    hltPhase2GeneralTracksFromPV
FastReport         0.0 ms         0.0 ms         0.0 ms         0.0 ms          +0 kB          +0 kB          +0 kB          +0 kB    hltPhase2GeneralTracksFromPVPt09
FastReport         3.6 ms         3.6 ms         3.6 ms         3.6 ms        +410 kB        +410 kB        -330 kB        -330 kB    hltPhase2GeneralTracksPt09
FastReport         1.2 ms         1.2 ms         1.2 ms         1.2 ms         +70 kB         +70 kB         -35 kB         -35 kB    hltPhase2HighPurityPV0p1
FastReport         1.5 ms         1.5 ms         1.5 ms         1.5 ms       +1203 kB       +1203 kB        -601 kB        -601 kB    hltPhase2HighPurityPt1
FastReport         1.4 ms         1.4 ms         1.4 ms         1.4 ms        +283 kB        +283 kB        -141 kB        -141 kB    hltPhase2HighPurityPtRange0to1
FastReport         0.8 ms         0.8 ms         0.8 ms         0.8 ms          +0 kB          +0 kB          +0 kB          +0 kB    hltPhase2PV0p1
FastReport        54.6 ms        54.6 ms        54.8 ms        54.8 ms       +3046 kB       +3046 kB       -3032 kB       -3032 kB    hltPhase2PixelVertexAnalysisTrackingOnly
FastReport         0.0 ms         0.0 ms         0.0 ms         0.0 ms          +0 kB          +0 kB          +0 kB          +0 kB    hltPhase2PixelVertexAssociatorByPositionAndTracks
FastReport        74.9 ms        74.9 ms        75.2 ms        75.2 ms      +40556 kB      +40556 kB      -40556 kB      -40556 kB    hltPhase2PrimaryVertexResolution
FastReport         0.9 ms         0.9 ms         0.9 ms         0.9 ms          +0 kB          +0 kB          +0 kB          +0 kB    hltPhase2PvMonitor
FastReport         0.0 ms         0.0 ms         0.0 ms         0.0 ms          +0 kB          +0 kB          +0 kB          +0 kB    hltPhase2SeedTrackshighPtTripletStepSeeds
FastReport         0.0 ms         0.0 ms         0.0 ms         0.0 ms          +0 kB          +0 kB          +0 kB          +0 kB    hltPhase2SeedTracksinitialStepSeeds
FastReport         0.2 ms         0.2 ms         0.2 ms         0.2 ms          +0 kB          +0 kB          +0 kB          +0 kB    hltPhase2SelectedPixelVertices
FastReport         0.4 ms         0.4 ms        48.2 ms        48.2 ms         +24 kB         +24 kB         -11 kB         -11 kB    hltPhase2TrackMon_ckf
FastReport        69.5 ms        69.5 ms        69.8 ms        69.8 ms       +2977 kB       +2977 kB       -1299 kB       -1299 kB    hltPhase2TrackSeedMonhighPtTripletStep
FastReport        16.2 ms        16.2 ms        16.3 ms        16.3 ms        +444 kB        +444 kB        -222 kB        -222 kB    hltPhase2TrackSeedMoninitialStep
FastReport      9442.0 ms      9442.0 ms      9464.7 ms      9464.7 ms       +4359 kB       +4359 kB       -4256 kB       -4256 kB    hltPhase2TrackerCollisionSelectedTrackMonCommongeneralTracks
FastReport        32.5 ms        32.5 ms        32.6 ms        32.6 ms        +650 kB        +650 kB        -647 kB        -647 kB    hltPhase2TrackerCollisionSelectedTrackMonCommonhighPurityPV0p1
FastReport      4535.3 ms      4535.3 ms      4546.3 ms      4546.3 ms       +9120 kB       +9120 kB       -9027 kB       -9027 kB    hltPhase2TrackerCollisionSelectedTrackMonCommonhighPurityPt1
FastReport        96.5 ms        96.5 ms        96.8 ms        96.8 ms        +947 kB        +947 kB        -886 kB        -886 kB    hltPhase2TrackerCollisionSelectedTrackMonCommonhighPurityPtRange0to1
FastReport         1.4 ms         1.4 ms         1.4 ms         1.4 ms        +210 kB        +210 kB        -141 kB        -141 kB    hltPhase2TrackingDQMgoodOfflinePrimaryVertices
FastReport         0.0 ms         0.0 ms         0.0 ms         0.0 ms          +0 kB          +0 kB          +0 kB          +0 kB    hltPhase2TrackingDQMgoodPixelVertices
FastReport        25.4 ms        25.4 ms        36.2 ms        36.2 ms      +23551 kB      +23551 kB      -23214 kB      -23214 kB    hltPhase2TrackingParticlePixelTrackAsssociation
FastReport        48.7 ms        48.7 ms        48.8 ms        48.8 ms      +25455 kB      +25455 kB      -25175 kB      -25175 kB    hltPhase2TrackingParticleRecoTrackAsssociation
FastReport         0.0 ms         0.0 ms         0.0 ms         0.0 ms          +0 kB          +0 kB          +0 kB          +0 kB    hltPhase2TrackingParticlesElectron
FastReport       203.5 ms       203.5 ms       630.3 ms       630.3 ms      +26789 kB      +26789 kB       -3969 kB       -3969 kB    hltPhase2TrackingParticlesSignal
FastReport         7.7 ms         7.7 ms         7.7 ms         7.7 ms         +43 kB         +43 kB         -21 kB         -21 kB    hltPhase2V0Validator
FastReport         0.0 ms         0.0 ms         0.0 ms         0.0 ms          +0 kB          +0 kB          +0 kB          +0 kB    hltPhase2VertexAssociatorByPositionAndTracks
FastReport         0.0 ms         0.0 ms         0.0 ms         0.0 ms          +0 kB          +0 kB          +0 kB          +0 kB    muonCSCDigis
FastReport         0.0 ms         0.0 ms         0.0 ms         0.0 ms          +0 kB          +0 kB          +0 kB          +0 kB    muonDTDigis
FastReport         0.0 ms         0.0 ms         0.0 ms         0.0 ms          +0 kB          +0 kB          +0 kB          +0 kB    muonGEMDigis
FastReport         0.0 ms         0.0 ms         0.0 ms         0.0 ms          +0 kB          +0 kB          +0 kB          +0 kB    muonRPCDigis
FastReport         0.0 ms         0.0 ms         0.0 ms         0.0 ms          +0 kB          +0 kB          +0 kB          +0 kB    quickTrackAssociatorByHits
FastReport         0.1 ms         0.1 ms         0.1 ms         0.1 ms          +0 kB          +0 kB          +0 kB          +0 kB    scalersRawToDigi
FastReport       150.1 ms       150.1 ms       150.5 ms       150.5 ms      +17844 kB      +17844 kB      -17524 kB      -17524 kB    simHitTPAssocProducer
FastReport       945.0 ms       945.0 ms       947.3 ms       947.3 ms    +7199084 kB    +7199084 kB    -7188292 kB    -7188292 kB    tpClusterProducer
FastReport        84.5 ms        84.5 ms       339.7 ms       339.7 ms      +15350 kB      +15350 kB      -11593 kB      -11593 kB    trackingParticleNumberOfLayersProducer
FastReport         0.0 ms         0.0 ms         0.0 ms         0.0 ms          +0 kB          +0 kB          +0 kB          +0 kB    trackingParticlesBHadron
FastReport         0.0 ms         0.0 ms         0.0 ms         0.0 ms          +0 kB          +0 kB          +0 kB          +0 kB    trackingParticlesConversion
FastReport         0.1 ms         0.1 ms       137.1 ms       137.1 ms          +3 kB          +3 kB          -3 kB          -3 kB    offlineBeamSpot
FastReport        14.1 ms        14.1 ms        14.2 ms        14.2 ms       +5303 kB       +5303 kB       -4013 kB       -4013 kB    siPhase2Clusters
FastReport       103.0 ms       103.0 ms       103.3 ms       103.3 ms      +49262 kB      +49262 kB      -33029 kB      -33029 kB    siPixelClusters
FastReport        49.1 ms        49.1 ms        49.2 ms        49.2 ms       +4583 kB       +4583 kB       -2294 kB       -2294 kB    siPixelClusterShapeCache
FastReport       105.9 ms       105.9 ms       116.7 ms       116.7 ms      +84432 kB      +84432 kB      -69072 kB      -69072 kB    siPixelRecHits
FastReport         2.5 ms         2.5 ms        11.3 ms        11.3 ms       +1321 kB       +1321 kB        -354 kB        -354 kB    MeasurementTrackerEvent
FastReport         0.0 ms         0.0 ms         0.0 ms         0.0 ms          +0 kB          +0 kB          +0 kB          +0 kB    trackerClusterCheck
FastReport         0.0 ms         0.0 ms         0.0 ms         0.0 ms          +0 kB          +0 kB          +0 kB          +0 kB    hltPhase2PixelTrackFilterByKinematics
FastReport         0.0 ms         0.0 ms       113.8 ms       113.8 ms          +0 kB          +0 kB          +0 kB          +0 kB    hltPhase2PixelFitterByHelixProjections
FastReport         0.0 ms         0.0 ms         0.0 ms         0.0 ms          +0 kB          +0 kB          +0 kB          +0 kB    hltPhase2PixelTracksTrackingRegions
FastReport         1.3 ms         1.3 ms         1.3 ms         1.3 ms       +3638 kB       +3638 kB       -2341 kB       -2341 kB    hltPhase2PixelTracksSeedLayers
FastReport        92.4 ms        92.4 ms        92.6 ms        92.6 ms      +77575 kB      +77575 kB      -55135 kB      -55135 kB    hltPhase2PixelTracksHitDoublets
FastReport       312.3 ms       312.3 ms       313.1 ms       313.1 ms     +126307 kB     +126307 kB     -125344 kB     -125344 kB    hltPhase2PixelTracksHitSeeds
FastReport       411.8 ms       411.8 ms       528.9 ms       528.9 ms      +12130 kB      +12130 kB       -9799 kB       -9799 kB    hltPhase2PixelTracks
FastReport         5.7 ms         5.7 ms         5.7 ms         5.7 ms       +2965 kB       +2965 kB       -2869 kB       -2869 kB    hltPhase2PixelVertices
FastReport         5.1 ms         5.1 ms         5.2 ms         5.2 ms       +3014 kB       +3014 kB       -1371 kB       -1371 kB    hltPhase2PixelTracksCleaner
FastReport         3.2 ms         3.2 ms         3.2 ms         3.2 ms       +3014 kB       +3014 kB       -1371 kB       -1371 kB    hltPhase2PixelTripletsCleaner
FastReport         3.5 ms         3.5 ms         3.5 ms         3.5 ms        +483 kB        +483 kB        -387 kB        -387 kB    hltPhase2PixelTripletsSelector
FastReport         3.1 ms         3.1 ms         3.2 ms         3.2 ms        +483 kB        +483 kB        -387 kB        -387 kB    hltPhase2PixelQuadrupletsSelector
FastReport        25.4 ms        25.4 ms        25.5 ms        25.5 ms       +1813 kB       +1813 kB        -283 kB        -283 kB    hltPhase2PixelTracksMerger
FastReport        26.3 ms        26.3 ms        26.3 ms        26.3 ms       +9438 kB       +9438 kB       -8693 kB       -8693 kB    hltPhase2InitialStepSeeds
FastReport       364.2 ms       364.2 ms       365.1 ms       365.1 ms     +176633 kB     +176633 kB     -174153 kB     -174153 kB    hltPhase2InitialStepTrackCandidates
FastReport       410.9 ms       410.9 ms      2205.8 ms      2205.8 ms     +156953 kB     +156953 kB     -153912 kB     -153912 kB    hltPhase2InitialStepTracks
FastReport         2.4 ms         2.4 ms         2.4 ms         2.4 ms         +17 kB         +17 kB         -10 kB         -10 kB    hltPhase2InitialStepTrackCutClassifier
FastReport         4.0 ms         4.0 ms         4.0 ms         4.0 ms       +7726 kB       +7726 kB       -4787 kB       -4787 kB    hltPhase2InitialStepTracksSelectionHighPurity
FastReport         0.6 ms         0.6 ms         0.6 ms         0.6 ms        +108 kB        +108 kB         -54 kB         -54 kB    hltPhase2HighPtTripletStepClusters
FastReport         4.3 ms         4.3 ms         4.4 ms         4.4 ms       +3270 kB       +3270 kB       -2158 kB       -2158 kB    hltPhase2HighPtTripletStepSeedLayers
FastReport         0.0 ms         0.0 ms         0.0 ms         0.0 ms          +0 kB          +0 kB          +0 kB          +0 kB    hltPhase2HighPtTripletStepTrackingRegions
FastReport       115.3 ms       115.3 ms       115.6 ms       115.6 ms     +120858 kB     +120858 kB      -87996 kB      -87996 kB    hltPhase2HighPtTripletStepHitDoublets
FastReport       550.6 ms       550.6 ms       552.0 ms       552.0 ms     +211585 kB     +211585 kB     -210476 kB     -210476 kB    hltPhase2HighPtTripletStepHitTriplets
FastReport       136.7 ms       136.7 ms       137.0 ms       137.0 ms      +70667 kB      +70667 kB      -61464 kB      -61464 kB    hltPhase2HighPtTripletStepSeeds
FastReport       848.9 ms       848.9 ms       851.0 ms       851.0 ms     +420812 kB     +420812 kB     -418045 kB     -418045 kB    hltPhase2HighPtTripletStepTrackCandidates
FastReport       236.6 ms       236.6 ms       237.2 ms       237.2 ms      +54090 kB      +54090 kB      -51781 kB      -51781 kB    hltPhase2HighPtTripletStepTracks
FastReport         2.2 ms         2.2 ms         2.2 ms         2.2 ms         +18 kB         +18 kB         -11 kB         -11 kB    hltPhase2HighPtTripletStepTrackCutClassifier
FastReport         2.0 ms         2.0 ms         2.0 ms         2.0 ms       +3888 kB       +3888 kB       -2445 kB       -2445 kB    hltPhase2HighPtTripletStepTracksSelectionHighPurity
FastReport        45.3 ms        45.3 ms        45.5 ms        45.5 ms       +4767 kB       +4767 kB        -694 kB        -694 kB    hltPhase2GeneralTracks
FastReport       205.3 ms       205.3 ms       205.8 ms       205.8 ms      +41272 kB      +41272 kB      -40786 kB      -40786 kB    hltPhase2TrackValidatorPixelTrackingOnly
FastReport       735.0 ms       735.0 ms       736.8 ms       736.8 ms      +52877 kB      +52877 kB      -52094 kB      -52094 kB    hltPhase2TrackValidatorTrackingOnly
FastReport         7.3 ms         7.3 ms         7.3 ms         7.3 ms        +686 kB        +686 kB        -520 kB        -520 kB    hltPhase2TrackValidatorFromPVStandalone
FastReport         0.0 ms         0.0 ms         0.0 ms         0.0 ms          +0 kB          +0 kB          +0 kB          +0 kB    bunchSpacingProducer
FastReport       221.1 ms       221.1 ms       240.3 ms       240.3 ms       +4311 kB       +4311 kB       -3052 kB       -3052 kB    ecalMultiFitUncalibRecHit
FastReport         0.3 ms         0.3 ms         0.3 ms         0.3 ms         +93 kB         +93 kB         -93 kB         -93 kB    ecalDetIdToBeRecovered
FastReport        52.5 ms        52.5 ms       175.7 ms       175.7 ms      +17482 kB      +17482 kB      -15192 kB      -15192 kB    ecalRecHit
FastReport        72.7 ms        72.7 ms        99.9 ms        99.9 ms       +4039 kB       +4039 kB       -3571 kB       -3571 kB    hbhereco
FastReport         4.2 ms         4.2 ms         4.2 ms         4.2 ms        +519 kB        +519 kB        -300 kB        -300 kB    hfprereco
FastReport         3.6 ms         3.6 ms         3.6 ms         3.6 ms         +97 kB         +97 kB         -48 kB         -48 kB    hfreco
FastReport         0.8 ms         0.8 ms         1.4 ms         1.4 ms         +48 kB         +48 kB         -21 kB         -21 kB    horeco
FastReport       276.2 ms       276.2 ms       276.8 ms       276.8 ms      +93767 kB      +93767 kB      -93622 kB      -93622 kB    hltPhase2UnsortedOfflinePrimaryVertices
FastReport         2.1 ms         2.1 ms         2.2 ms         2.2 ms        +240 kB        +240 kB        -213 kB        -213 kB    hltPhase2TrackWithVertexRefSelectorBeforeSorting
FastReport         1.9 ms         1.9 ms         1.9 ms         1.9 ms        +693 kB        +693 kB        -388 kB        -388 kB    hltPhase2TrackRefsForJetsBeforeSorting
FastReport         7.1 ms         7.1 ms         7.1 ms         7.1 ms       +2251 kB       +2251 kB       -1540 kB       -1540 kB    caloTowerForTrk
FastReport         5.2 ms         5.2 ms         5.2 ms         5.2 ms       +2664 kB       +2664 kB       -2509 kB       -2509 kB    hltPhase2Ak4CaloJetsForTrk
FastReport        23.6 ms        23.6 ms        23.7 ms        23.7 ms       +2012 kB       +2012 kB       -1923 kB       -1923 kB    hltPhase2OfflinePrimaryVertices
FastReport        20.9 ms        20.9 ms        21.0 ms        21.0 ms       +2018 kB       +2018 kB       -1928 kB       -1928 kB    hltPhase2OfflinePrimaryVerticesWithBS
FastReport       106.0 ms       106.0 ms       106.3 ms       106.3 ms      +62973 kB      +62973 kB      -62777 kB      -62777 kB    hltPhase2InclusiveVertexFinder
FastReport         9.2 ms         9.2 ms         9.2 ms         9.2 ms       +4407 kB       +4407 kB       -4331 kB       -4331 kB    hltPhase2VertexMerger
FastReport       109.3 ms       109.3 ms       109.5 ms       109.5 ms      +38952 kB      +38952 kB      -38940 kB      -38940 kB    hltPhase2TrackVertexArbitrator
FastReport         0.1 ms         0.1 ms         0.1 ms         0.1 ms         +77 kB         +77 kB         -68 kB         -68 kB    hltPhase2InclusiveSecondaryVertices
FastReport         0.0 ms         0.0 ms         0.0 ms         0.0 ms          +0 kB          +0 kB          +0 kB          +0 kB    DQMoutput
FastReport         0.0 ms         0.0 ms         0.0 ms         0.0 ms          +0 kB          +0 kB          +0 kB          +0 kB    TriggerResults
FastReport         0.0 ms         0.0 ms         0.0 ms         0.0 ms          +0 kB          +0 kB          +0 kB          +0 kB    raw2digi_step
FastReport         0.0 ms         0.0 ms         0.0 ms         0.0 ms          +0 kB          +0 kB          +0 kB          +0 kB    original_v6
FastReport         0.0 ms         0.0 ms         0.0 ms         0.0 ms          +0 kB          +0 kB          +0 kB          +0 kB    prevalidation_original
FastReport         0.0 ms         0.0 ms         0.0 ms         0.0 ms          +0 kB          +0 kB          +0 kB          +0 kB    validation_original
FastReport         0.0 ms         0.0 ms         0.0 ms         0.0 ms          +0 kB          +0 kB          +0 kB          +0 kB    vertexing
FastReport         0.0 ms         0.0 ms         0.0 ms         0.0 ms          +0 kB          +0 kB          +0 kB          +0 kB    dqm_original
FastReport         0.0 ms         0.0 ms         0.0 ms         0.0 ms          +0 kB          +0 kB          +0 kB          +0 kB    DQMoutput_step
FastReport     21650.2 ms                    25029.7 ms                   +9339602 kB                   -9154466 kB                 total
FastReport      1877.9 ms                    20660.2 ms                    +145716 kB                    -319772 kB                 other

FastReport     CPU time sched. / depend.    Real time sched. / depend.       Alloc. sched. / depend.     Dealloc. sched. / depend.  Processes and Paths
FastReport         0.3 ms                       19.0 ms                       +645 kB                       -164 kB                 source
FastReport     21649.9 ms                    25010.7 ms                   +9338957 kB                   -9154302 kB                 process RECO2
FastReport         0.0 ms         0.0 ms         0.0 ms         0.0 ms          +0 kB          +0 kB          +0 kB          +0 kB    raw2digi_step
FastReport      3888.9 ms      3888.9 ms      6079.0 ms      6079.0 ms    +1617172 kB    +1617172 kB    -1484746 kB    -1484746 kB    original_v6
FastReport         0.0 ms         0.0 ms         0.0 ms         0.0 ms          +0 kB          +0 kB          +0 kB          +0 kB    prevalidation_original
FastReport       947.5 ms      6300.5 ms       949.8 ms      9188.7 ms      +94836 kB    +9017950 kB      -93401 kB    -8849490 kB    validation_original
FastReport       916.7 ms      4782.9 ms      1088.5 ms      7144.7 ms     +236652 kB    +1850550 kB     -230526 kB    -1715676 kB    vertexing
FastReport         0.0 ms         0.0 ms         0.0 ms         0.0 ms          +0 kB          +0 kB          +0 kB          +0 kB    dqm_original
FastReport         0.0 ms         0.0 ms         0.0 ms         0.0 ms          +0 kB          +0 kB          +0 kB          +0 kB    DQMoutput_step
FastReport     21650.2 ms                    25029.7 ms                   +9339602 kB                   -9154466 kB                 total
FastReport      1877.9 ms                    20660.2 ms                    +145716 kB                    -319772 kB                 other



=============================================

MessageLogger Summary

 type     category        sev    module        subroutine        count    total
 ---- -------------------- -- ---------------- ----------------  -----    -----
    1 XrdAdaptor           -w file_open                              1        1
    2 fileAction           -s file_close                             1        1
    3 fileAction           -s file_open                              3        3

 type    category    Examples: run/evt        run/evt          run/evt
 ---- -------------------- ---------------- ---------------- ----------------
    1 XrdAdaptor           pre-events                        
    2 fileAction           PostGlobalEndRun                  
    3 fileAction           pre-events       pre-events       pre-events

Severity    # Occurrences   Total Occurrences
--------    -------------   -----------------
Warning                 1                   1
System                  4                   4

dropped waiting message count 0
